Log file open, 04/28/21 15:27:31
LogWindows: Failed to load 'aqProf.dll' (GetLastError=126)
LogWindows: File 'aqProf.dll' does not exist
LogWindows: Failed to load 'VtuneApi.dll' (GetLastError=126)
LogWindows: File 'VtuneApi.dll' does not exist
LogWindows: Failed to load 'VtuneApi32e.dll' (GetLastError=126)
LogWindows: File 'VtuneApi32e.dll' does not exist
LogConsoleResponse: Display: Failed to find resolution value strings in scalability ini. Falling back to default.
LogInit: Display: Running engine for game: My3
LogPlatformFile: Not using cached read wrapper
LogTaskGraph: Started task graph with 5 named threads and 35 total threads with 3 sets of task threads.
LogStats: Stats thread started at 2.690680
LogD3D11RHI: Loaded GFSDK_Aftermath_Lib.x64.dll
LogICUInternationalization: ICU TimeZone Detection - Raw Offset: +9:00, Platform Override: ''
LogPluginManager: Mounting plugin Paper2D
LogPluginManager: Mounting plugin AISupport
LogPluginManager: Mounting plugin LightPropagationVolume
LogPluginManager: Mounting plugin ActorLayerUtilities
LogPluginManager: Mounting plugin AnimationSharing
LogPluginManager: Mounting plugin CLionSourceCodeAccess
LogPluginManager: Mounting plugin CodeLiteSourceCodeAccess
LogPluginManager: Mounting plugin GitSourceControl
LogPluginManager: Mounting plugin KDevelopSourceCodeAccess
LogPluginManager: Mounting plugin NullSourceCodeAccess
LogPluginManager: Mounting plugin PerforceSourceControl
LogPluginManager: Mounting plugin SubversionSourceControl
LogPluginManager: Mounting plugin UObjectPlugin
LogPluginManager: Mounting plugin VisualStudioCodeSourceCodeAccess
LogPluginManager: Mounting plugin VisualStudioSourceCodeAccess
LogPluginManager: Mounting plugin XCodeSourceCodeAccess
LogPluginManager: Mounting plugin AssetManagerEditor
LogPluginManager: Mounting plugin CryptoKeys
LogPluginManager: Mounting plugin CurveEditorTools
LogPluginManager: Mounting plugin DataValidation
LogPluginManager: Mounting plugin FacialAnimation
LogPluginManager: Mounting plugin GameplayTagsEditor
LogPluginManager: Mounting plugin MacGraphicsSwitching
LogPluginManager: Mounting plugin MaterialAnalyzer
LogPluginManager: Mounting plugin MobileLauncherProfileWizard
LogPluginManager: Mounting plugin PluginBrowser
LogPluginManager: Mounting plugin SpeedTreeImporter
LogPluginManager: Mounting plugin DatasmithContent
LogPluginManager: Mounting plugin VariantManagerContent
LogPluginManager: Mounting plugin AlembicImporter
LogPluginManager: Mounting plugin AutomationUtils
LogPluginManager: Mounting plugin BackChannel
LogPluginManager: Mounting plugin CharacterAI
LogPluginManager: Mounting plugin GeometryCache
LogPluginManager: Mounting plugin HTML5Networking
LogPluginManager: Mounting plugin PlatformCrypto
LogPluginManager: Mounting plugin ProxyLODPlugin
LogPluginManager: Mounting plugin SkeletalReduction
LogPluginManager: Mounting plugin MagicLeap
LogPluginManager: Mounting plugin MagicLeapMedia
LogPluginManager: Mounting plugin AndroidMedia
LogPluginManager: Mounting plugin AvfMedia
LogPluginManager: Mounting plugin ImgMedia
LogPluginManager: Mounting plugin MediaCompositing
LogPluginManager: Mounting plugin MediaPlayerEditor
LogPluginManager: Mounting plugin WebMMedia
LogPluginManager: Mounting plugin WmfMedia
LogPluginManager: Mounting plugin TcpMessaging
LogPluginManager: Mounting plugin UdpMessaging
LogPluginManager: Mounting plugin ActorSequence
LogPluginManager: Mounting plugin LevelSequenceEditor
LogPluginManager: Mounting plugin MatineeToLevelSequence
LogPluginManager: Mounting plugin NetcodeUnitTest
LogPluginManager: Mounting plugin NUTUnrealEngine4
LogPluginManager: Mounting plugin OnlineSubsystemGooglePlay
LogPluginManager: Mounting plugin OnlineSubsystemIOS
LogPluginManager: Mounting plugin OnlineSubsystem
LogPluginManager: Mounting plugin OnlineSubsystemNull
LogPluginManager: Mounting plugin OnlineSubsystemUtils
LogPluginManager: Mounting plugin LauncherChunkInstaller
LogPluginManager: Mounting plugin AndroidDeviceProfileSelector
LogPluginManager: Mounting plugin AndroidMoviePlayer
LogPluginManager: Mounting plugin AndroidPermission
LogPluginManager: Mounting plugin AppleImageUtils
LogPluginManager: Mounting plugin AppleMoviePlayer
LogPluginManager: Mounting plugin ArchVisCharacter
LogPluginManager: Mounting plugin AudioCapture
LogPluginManager: Mounting plugin CableComponent
LogPluginManager: Mounting plugin CustomMeshComponent
LogPluginManager: Mounting plugin EditableMesh
LogPluginManager: Mounting plugin ExampleDeviceProfileSelector
LogPluginManager: Mounting plugin GoogleCloudMessaging
LogPluginManager: Mounting plugin IOSDeviceProfileSelector
LogPluginManager: Mounting plugin LinuxDeviceProfileSelector
LogPluginManager: Mounting plugin LocationServicesBPLibrary
LogPluginManager: Mounting plugin MobilePatchingUtils
LogPluginManager: Mounting plugin OculusVR
LogPluginManager: Mounting plugin PhysXVehicles
LogPluginManager: Mounting plugin ProceduralMeshComponent
LogPluginManager: Mounting plugin RuntimePhysXCooking
LogPluginManager: Mounting plugin SignificanceManager
LogPluginManager: Mounting plugin SteamVR
LogPluginManager: Mounting plugin WebMMoviePlayer
LogPluginManager: Mounting plugin WindowsMoviePlayer
LogPluginManager: Mounting plugin ScreenshotTools
LogInit: Using libcurl 7.55.1-DEV
LogInit:  - built for x86_64-pc-win32
LogInit:  - supports SSL with OpenSSL/1.1.1
LogInit:  - supports HTTP deflate (compression) using libz 1.2.8
LogInit:  - other features:
LogInit:      CURL_VERSION_SSL
LogInit:      CURL_VERSION_LIBZ
LogInit:      CURL_VERSION_IPV6
LogInit:      CURL_VERSION_ASYNCHDNS
LogInit:      CURL_VERSION_LARGEFILE
LogInit:      CURL_VERSION_IDN
LogInit:  CurlRequestOptions (configurable via config and command line):
LogInit:  - bVerifyPeer = true  - Libcurl will verify peer certificate
LogInit:  - bUseHttpProxy = false  - Libcurl will NOT use HTTP proxy
LogInit:  - bDontReuseConnections = false  - Libcurl will reuse connections
LogInit:  - MaxHostConnections = 16  - Libcurl will limit the number of connections to a host
LogInit:  - LocalHostAddr = Default
LogInit:  - BufferSize = 65536
LogOnline: OSS: Creating online subsystem instance for: NULL
LogInit: WinSock: version 1.1 (2.2), MaxSocks=32767, MaxUdp=65467
LogInit: Build: ++UE4+Release-4.23-CL-0
LogInit: Engine Version: 4.23.1-0+++UE4+Release-4.23
LogInit: Compatible Engine Version: 4.23.0-0+++UE4+Release-4.23
LogInit: Net CL: 0
LogInit: OS: Windows 10 (Release 2009) (), CPU: AMD Ryzen 5 3600 6-Core Processor              , GPU: Microsoft Remote Display Adapter
LogInit: Compiled (64-bit): Nov 21 2020 15:21:43
LogInit: Compiled with Visual C++: 19.16.27044.00
LogInit: Build Configuration: Development
LogInit: Branch Name: ++UE4+Release-4.23
LogInit: Command Line: 
LogInit: Base Directory: D:/THIS/UE_4.23.1-1/Engine/Binaries/Win64/
LogInit: Installed Engine Build: 0
LogDevObjectVersion: Number of dev versions registered: 23
LogDevObjectVersion:   Dev-Blueprints (B0D832E4-1F89-4F0D-ACCF-7EB736FD4AA2): 10
LogDevObjectVersion:   Dev-Build (E1C64328-A22C-4D53-A36C-8E866417BD8C): 0
LogDevObjectVersion:   Dev-Core (375EC13C-06E4-48FB-B500-84F0262A717E): 3
LogDevObjectVersion:   Dev-Editor (E4B068ED-F494-42E9-A231-DA0B2E46BB41): 34
LogDevObjectVersion:   Dev-Framework (CFFC743F-43B0-4480-9391-14DF171D2073): 35
LogDevObjectVersion:   Dev-Mobile (B02B49B5-BB20-44E9-A304-32B752E40360): 2
LogDevObjectVersion:   Dev-Networking (A4E4105C-59A1-49B5-A7C5-40C4547EDFEE): 0
LogDevObjectVersion:   Dev-Online (39C831C9-5AE6-47DC-9A44-9C173E1C8E7C): 0
LogDevObjectVersion:   Dev-Physics (78F01B33-EBEA-4F98-B9B4-84EACCB95AA2): 0
LogDevObjectVersion:   Dev-Platform (6631380F-2D4D-43E0-8009-CF276956A95A): 0
LogDevObjectVersion:   Dev-Rendering (12F88B9F-8875-4AFC-A67C-D90C383ABD29): 31
LogDevObjectVersion:   Dev-Sequencer (7B5AE74C-D270-4C10-A958-57980B212A5A): 11
LogDevObjectVersion:   Dev-VR (D7296918-1DD6-4BDD-9DE2-64A83CC13884): 2
LogDevObjectVersion:   Dev-LoadTimes (C2A15278-BFE7-4AFE-6C17-90FF531DF755): 1
LogDevObjectVersion:   Private-Geometry (6EACA3D4-40EC-4CC1-B786-8BED09428FC5): 3
LogDevObjectVersion:   Dev-AnimPhys (29E575DD-E0A3-4627-9D10-D276232CDCEA): 17
LogDevObjectVersion:   Dev-Anim (AF43A65D-7FD3-4947-9873-3E8ED9C1BB05): 2
LogDevObjectVersion:   Dev-ReflectionCapture (6B266CEC-1EC7-4B8F-A30B-E4D90942FC07): 1
LogDevObjectVersion:   Dev-Automation (0DF73D61-A23F-47EA-B727-89E90C41499A): 1
LogDevObjectVersion:   FortniteMain (601D1886-AC64-4F84-AA16-D3DE0DEAC7D6): 27
LogDevObjectVersion:   Dev-Enterprise (9DFFBCD6-494F-0158-E221-12823C92A888): 6
LogDevObjectVersion:   Dev-Niagara (F2AED0AC-9AFE-416F-8664-AA7FFA26D6FC): 1
LogDevObjectVersion:   Dev-Destruction (174F1F0B-B4C6-45A5-B13F-2EE8D0FB917D): 9
LogInit: Presizing for max 16777216 objects, including 0 objects not considered by GC, pre-allocating 0 bytes for permanent pool.
LogInit: Object subsystem initialized
LogConfig: Setting CVar [[con.DebugEarlyDefault:1]]
LogConfig: Setting CVar [[r.setres:1280x720]]
[2021.04.28-06.27.33:256][  0]LogConfig: Setting CVar [[r.VSync:0]]
[2021.04.28-06.27.33:256][  0]LogConfig: Setting CVar [[r.RHICmdBypass:0]]
[2021.04.28-06.27.33:256][  0]LogConfig: Applying CVar settings from Section [/Script/Engine.RendererSettings] File [D:/자료모음/2020_2nd/Game_Pro/GamePrograming_Project/UE4-MultiMazeRunner/Project_MultiMazeRunner/Saved/Config/Windows/Engine.ini]
[2021.04.28-06.27.33:256][  0]LogConfig: Setting CVar [[r.GPUCrashDebugging:0]]
[2021.04.28-06.27.33:256][  0]LogConfig: Applying CVar settings from Section [/Script/Engine.RendererOverrideSettings] File [D:/자료모음/2020_2nd/Game_Pro/GamePrograming_Project/UE4-MultiMazeRunner/Project_MultiMazeRunner/Saved/Config/Windows/Engine.ini]
[2021.04.28-06.27.33:256][  0]LogConfig: Applying CVar settings from Section [/Script/Engine.StreamingSettings] File [D:/자료모음/2020_2nd/Game_Pro/GamePrograming_Project/UE4-MultiMazeRunner/Project_MultiMazeRunner/Saved/Config/Windows/Engine.ini]
[2021.04.28-06.27.33:256][  0]LogConfig: Setting CVar [[s.MinBulkDataSizeForAsyncLoading:131072]]
[2021.04.28-06.27.33:256][  0]LogConfig: Setting CVar [[s.AsyncLoadingThreadEnabled:0]]
[2021.04.28-06.27.33:256][  0]LogConfig: Setting CVar [[s.EventDrivenLoaderEnabled:1]]
[2021.04.28-06.27.33:256][  0]LogConfig: Setting CVar [[s.WarnIfTimeLimitExceeded:0]]
[2021.04.28-06.27.33:256][  0]LogConfig: Setting CVar [[s.TimeLimitExceededMultiplier:1.5]]
[2021.04.28-06.27.33:256][  0]LogConfig: Setting CVar [[s.TimeLimitExceededMinTime:0.005]]
[2021.04.28-06.27.33:256][  0]LogConfig: Setting CVar [[s.UseBackgroundLevelStreaming:1]]
[2021.04.28-06.27.33:256][  0]LogConfig: Setting CVar [[s.PriorityAsyncLoadingExtraTime:15.0]]
[2021.04.28-06.27.33:256][  0]LogConfig: Setting CVar [[s.LevelStreamingActorsUpdateTimeLimit:5.0]]
[2021.04.28-06.27.33:256][  0]LogConfig: Setting CVar [[s.PriorityLevelStreamingActorsUpdateExtraTime:5.0]]
[2021.04.28-06.27.33:256][  0]LogConfig: Setting CVar [[s.LevelStreamingComponentsRegistrationGranularity:10]]
[2021.04.28-06.27.33:256][  0]LogConfig: Setting CVar [[s.UnregisterComponentsTimeLimit:1.0]]
[2021.04.28-06.27.33:256][  0]LogConfig: Setting CVar [[s.LevelStreamingComponentsUnregistrationGranularity:5]]
[2021.04.28-06.27.33:256][  0]LogConfig: Applying CVar settings from Section [/Script/Engine.GarbageCollectionSettings] File [D:/자료모음/2020_2nd/Game_Pro/GamePrograming_Project/UE4-MultiMazeRunner/Project_MultiMazeRunner/Saved/Config/Windows/Engine.ini]
[2021.04.28-06.27.33:256][  0]LogConfig: Setting CVar [[gc.MaxObjectsNotConsideredByGC:1]]
[2021.04.28-06.27.33:256][  0]LogConfig: Setting CVar [[gc.SizeOfPermanentObjectPool:0]]
[2021.04.28-06.27.33:256][  0]LogConfig: Setting CVar [[gc.FlushStreamingOnGC:0]]
[2021.04.28-06.27.33:256][  0]LogConfig: Setting CVar [[gc.NumRetriesBeforeForcingGC:10]]
[2021.04.28-06.27.33:256][  0]LogConfig: Setting CVar [[gc.AllowParallelGC:1]]
[2021.04.28-06.27.33:256][  0]LogConfig: Setting CVar [[gc.TimeBetweenPurgingPendingKillObjects:61.1]]
[2021.04.28-06.27.33:256][  0]LogConfig: Setting CVar [[gc.MaxObjectsInEditor:16777216]]
[2021.04.28-06.27.33:256][  0]LogConfig: Setting CVar [[gc.IncrementalBeginDestroyEnabled:1]]
[2021.04.28-06.27.33:256][  0]LogConfig: Setting CVar [[gc.CreateGCClusters:1]]
[2021.04.28-06.27.33:257][  0]LogConfig: Setting CVar [[gc.MinGCClusterSize:5]]
[2021.04.28-06.27.33:257][  0]LogConfig: Setting CVar [[gc.ActorClusteringEnabled:0]]
[2021.04.28-06.27.33:257][  0]LogConfig: Setting CVar [[gc.BlueprintClusteringEnabled:0]]
[2021.04.28-06.27.33:257][  0]LogConfig: Setting CVar [[gc.UseDisregardForGCOnDedicatedServers:0]]
[2021.04.28-06.27.33:257][  0]LogConfig: Applying CVar settings from Section [/Script/Engine.NetworkSettings] File [D:/자료모음/2020_2nd/Game_Pro/GamePrograming_Project/UE4-MultiMazeRunner/Project_MultiMazeRunner/Saved/Config/Windows/Engine.ini]
[2021.04.28-06.27.33:257][  0]LogConfig: Applying CVar settings from Section [/Script/UnrealEd.CookerSettings] File [D:/자료모음/2020_2nd/Game_Pro/GamePrograming_Project/UE4-MultiMazeRunner/Project_MultiMazeRunner/Saved/Config/Windows/Engine.ini]
[2021.04.28-06.27.33:301][  0]LogConfig: Applying CVar settings from Section [ViewDistanceQuality@3] File [D:/자료모음/2020_2nd/Game_Pro/GamePrograming_Project/UE4-MultiMazeRunner/Project_MultiMazeRunner/Saved/Config/Windows/Scalability.ini]
[2021.04.28-06.27.33:301][  0]LogConfig: Setting CVar [[r.SkeletalMeshLODBias:0]]
[2021.04.28-06.27.33:301][  0]LogConfig: Setting CVar [[r.ViewDistanceScale:1.0]]
[2021.04.28-06.27.33:301][  0]LogConfig: Applying CVar settings from Section [AntiAliasingQuality@3] File [D:/자료모음/2020_2nd/Game_Pro/GamePrograming_Project/UE4-MultiMazeRunner/Project_MultiMazeRunner/Saved/Config/Windows/Scalability.ini]
[2021.04.28-06.27.33:301][  0]LogConfig: Setting CVar [[r.PostProcessAAQuality:4]]
[2021.04.28-06.27.33:301][  0]LogConfig: Applying CVar settings from Section [ShadowQuality@3] File [D:/자료모음/2020_2nd/Game_Pro/GamePrograming_Project/UE4-MultiMazeRunner/Project_MultiMazeRunner/Saved/Config/Windows/Scalability.ini]
[2021.04.28-06.27.33:301][  0]LogConfig: Setting CVar [[r.LightFunctionQuality:1]]
[2021.04.28-06.27.33:301][  0]LogConfig: Setting CVar [[r.ShadowQuality:5]]
[2021.04.28-06.27.33:301][  0]LogConfig: Setting CVar [[r.Shadow.CSM.MaxCascades:10]]
[2021.04.28-06.27.33:301][  0]LogConfig: Setting CVar [[r.Shadow.MaxResolution:2048]]
[2021.04.28-06.27.33:301][  0]LogConfig: Setting CVar [[r.Shadow.MaxCSMResolution:2048]]
[2021.04.28-06.27.33:301][  0]LogConfig: Setting CVar [[r.Shadow.RadiusThreshold:0.01]]
[2021.04.28-06.27.33:301][  0]LogConfig: Setting CVar [[r.Shadow.DistanceScale:1.0]]
[2021.04.28-06.27.33:301][  0]LogConfig: Setting CVar [[r.Shadow.CSM.TransitionScale:1.0]]
[2021.04.28-06.27.33:301][  0]LogConfig: Setting CVar [[r.Shadow.PreShadowResolutionFactor:1.0]]
[2021.04.28-06.27.33:301][  0]LogConfig: Setting CVar [[r.DistanceFieldShadowing:1]]
[2021.04.28-06.27.33:301][  0]LogConfig: Setting CVar [[r.DistanceFieldAO:1]]
[2021.04.28-06.27.33:301][  0]LogConfig: Setting CVar [[r.AOQuality:2]]
[2021.04.28-06.27.33:301][  0]LogConfig: Setting CVar [[r.VolumetricFog:1]]
[2021.04.28-06.27.33:301][  0]LogConfig: Setting CVar [[r.VolumetricFog.GridPixelSize:8]]
[2021.04.28-06.27.33:301][  0]LogConfig: Setting CVar [[r.VolumetricFog.GridSizeZ:128]]
[2021.04.28-06.27.33:301][  0]LogConfig: Setting CVar [[r.VolumetricFog.HistoryMissSupersampleCount:4]]
[2021.04.28-06.27.33:301][  0]LogConfig: Setting CVar [[r.LightMaxDrawDistanceScale:1]]
[2021.04.28-06.27.33:301][  0]LogConfig: Setting CVar [[r.CapsuleShadows:1]]
[2021.04.28-06.27.33:301][  0]LogConfig: Applying CVar settings from Section [PostProcessQuality@3] File [D:/자료모음/2020_2nd/Game_Pro/GamePrograming_Project/UE4-MultiMazeRunner/Project_MultiMazeRunner/Saved/Config/Windows/Scalability.ini]
[2021.04.28-06.27.33:301][  0]LogConfig: Setting CVar [[r.MotionBlurQuality:4]]
[2021.04.28-06.27.33:301][  0]LogConfig: Setting CVar [[r.AmbientOcclusionMipLevelFactor:0.4]]
[2021.04.28-06.27.33:301][  0]LogConfig: Setting CVar [[r.AmbientOcclusionMaxQuality:100]]
[2021.04.28-06.27.33:301][  0]LogConfig: Setting CVar [[r.AmbientOcclusionLevels:-1]]
[2021.04.28-06.27.33:301][  0]LogConfig: Setting CVar [[r.AmbientOcclusionRadiusScale:1.0]]
[2021.04.28-06.27.33:301][  0]LogConfig: Setting CVar [[r.DepthOfFieldQuality:2]]
[2021.04.28-06.27.33:301][  0]LogConfig: Setting CVar [[r.RenderTargetPoolMin:400]]
[2021.04.28-06.27.33:301][  0]LogConfig: Setting CVar [[r.LensFlareQuality:2]]
[2021.04.28-06.27.33:301][  0]LogConfig: Setting CVar [[r.SceneColorFringeQuality:1]]
[2021.04.28-06.27.33:301][  0]LogConfig: Setting CVar [[r.EyeAdaptationQuality:2]]
[2021.04.28-06.27.33:301][  0]LogConfig: Setting CVar [[r.BloomQuality:5]]
[2021.04.28-06.27.33:301][  0]LogConfig: Setting CVar [[r.FastBlurThreshold:100]]
[2021.04.28-06.27.33:301][  0]LogConfig: Setting CVar [[r.Upscale.Quality:3]]
[2021.04.28-06.27.33:301][  0]LogConfig: Setting CVar [[r.Tonemapper.GrainQuantization:1]]
[2021.04.28-06.27.33:301][  0]LogConfig: Setting CVar [[r.LightShaftQuality:1]]
[2021.04.28-06.27.33:301][  0]LogConfig: Setting CVar [[r.Filter.SizeScale:1]]
[2021.04.28-06.27.33:301][  0]LogConfig: Setting CVar [[r.Tonemapper.Quality:5]]
[2021.04.28-06.27.33:301][  0]LogConfig: Setting CVar [[r.DOF.Gather.AccumulatorQuality:1        ; higher gathering accumulator quality]]
[2021.04.28-06.27.33:301][  0]LogConfig: Setting CVar [[r.DOF.Gather.PostfilterMethod:1          ; Median3x3 postfilering method]]
[2021.04.28-06.27.33:301][  0]LogConfig: Setting CVar [[r.DOF.Gather.EnableBokehSettings:0       ; no bokeh simulation when gathering]]
[2021.04.28-06.27.33:301][  0]LogConfig: Setting CVar [[r.DOF.Gather.RingCount:4                 ; medium number of samples when gathering]]
[2021.04.28-06.27.33:301][  0]LogConfig: Setting CVar [[r.DOF.Scatter.ForegroundCompositing:1    ; additive foreground scattering]]
[2021.04.28-06.27.33:301][  0]LogConfig: Setting CVar [[r.DOF.Scatter.BackgroundCompositing:2    ; additive background scattering]]
[2021.04.28-06.27.33:301][  0]LogConfig: Setting CVar [[r.DOF.Scatter.EnableBokehSettings:1      ; bokeh simulation when scattering]]
[2021.04.28-06.27.33:301][  0]LogConfig: Setting CVar [[r.DOF.Scatter.MaxSpriteRatio:0.1         ; only a maximum of 10% of scattered bokeh]]
[2021.04.28-06.27.33:301][  0]LogConfig: Setting CVar [[r.DOF.Recombine.Quality:1                ; cheap slight out of focus]]
[2021.04.28-06.27.33:301][  0]LogConfig: Setting CVar [[r.DOF.Recombine.EnableBokehSettings:0    ; no bokeh simulation on slight out of focus]]
[2021.04.28-06.27.33:301][  0]LogConfig: Setting CVar [[r.DOF.TemporalAAQuality:1                ; more stable temporal accumulation]]
[2021.04.28-06.27.33:301][  0]LogConfig: Setting CVar [[r.DOF.Kernel.MaxForegroundRadius:0.025]]
[2021.04.28-06.27.33:301][  0]LogConfig: Setting CVar [[r.DOF.Kernel.MaxBackgroundRadius:0.025]]
[2021.04.28-06.27.33:301][  0]LogConfig: Applying CVar settings from Section [TextureQuality@3] File [D:/자료모음/2020_2nd/Game_Pro/GamePrograming_Project/UE4-MultiMazeRunner/Project_MultiMazeRunner/Saved/Config/Windows/Scalability.ini]
[2021.04.28-06.27.33:301][  0]LogConfig: Setting CVar [[r.Streaming.MipBias:0]]
[2021.04.28-06.27.33:301][  0]LogConfig: Setting CVar [[r.Streaming.AmortizeCPUToGPUCopy:0]]
[2021.04.28-06.27.33:301][  0]LogConfig: Setting CVar [[r.Streaming.MaxNumTexturesToStreamPerFrame:0]]
[2021.04.28-06.27.33:301][  0]LogConfig: Setting CVar [[r.Streaming.Boost:1]]
[2021.04.28-06.27.33:301][  0]LogConfig: Setting CVar [[r.MaxAnisotropy:8]]
[2021.04.28-06.27.33:301][  0]LogConfig: Setting CVar [[r.Streaming.LimitPoolSizeToVRAM:0]]
[2021.04.28-06.27.33:301][  0]LogConfig: Setting CVar [[r.Streaming.PoolSize:1000]]
[2021.04.28-06.27.33:301][  0]LogConfig: Setting CVar [[r.Streaming.MaxEffectiveScreenSize:0]]
[2021.04.28-06.27.33:301][  0]LogConfig: Applying CVar settings from Section [EffectsQuality@3] File [D:/자료모음/2020_2nd/Game_Pro/GamePrograming_Project/UE4-MultiMazeRunner/Project_MultiMazeRunner/Saved/Config/Windows/Scalability.ini]
[2021.04.28-06.27.33:301][  0]LogConfig: Setting CVar [[r.TranslucencyLightingVolumeDim:64]]
[2021.04.28-06.27.33:301][  0]LogConfig: Setting CVar [[r.RefractionQuality:2]]
[2021.04.28-06.27.33:301][  0]LogConfig: Setting CVar [[r.SSR.Quality:3]]
[2021.04.28-06.27.33:301][  0]LogConfig: Setting CVar [[r.SceneColorFormat:4]]
[2021.04.28-06.27.33:301][  0]LogConfig: Setting CVar [[r.DetailMode:2]]
[2021.04.28-06.27.33:301][  0]LogConfig: Setting CVar [[r.TranslucencyVolumeBlur:1]]
[2021.04.28-06.27.33:301][  0]LogConfig: Setting CVar [[r.MaterialQualityLevel:1 ; High quality]]
[2021.04.28-06.27.33:301][  0]LogConfig: Setting CVar [[r.SSS.Scale:1]]
[2021.04.28-06.27.33:301][  0]LogConfig: Setting CVar [[r.SSS.SampleSet:2]]
[2021.04.28-06.27.33:301][  0]LogConfig: Setting CVar [[r.SSS.Quality:1]]
[2021.04.28-06.27.33:301][  0]LogConfig: Setting CVar [[r.SSS.HalfRes:1]]
[2021.04.28-06.27.33:301][  0]LogConfig: Setting CVar [[r.EmitterSpawnRateScale:1.0]]
[2021.04.28-06.27.33:301][  0]LogConfig: Setting CVar [[r.ParticleLightQuality:2]]
[2021.04.28-06.27.33:301][  0]LogConfig: Applying CVar settings from Section [FoliageQuality@3] File [D:/자료모음/2020_2nd/Game_Pro/GamePrograming_Project/UE4-MultiMazeRunner/Project_MultiMazeRunner/Saved/Config/Windows/Scalability.ini]
[2021.04.28-06.27.33:301][  0]LogConfig: Setting CVar [[foliage.DensityScale:1.0]]
[2021.04.28-06.27.33:301][  0]LogConfig: Setting CVar [[grass.DensityScale:1.0]]
[2021.04.28-06.27.33:307][  0]LogInit: Selected Device Profile: [Windows]
[2021.04.28-06.27.33:317][  0]LogInit: Applying CVar settings loaded from the selected device profile: [Windows]
[2021.04.28-06.27.33:319][  0]LogHAL: Display: Platform has ~ 16 GB [17083387904 / 17179869184 / 16], which maps to Larger [LargestMinGB=32, LargerMinGB=12, DefaultMinGB=8, SmallerMinGB=6, SmallestMinGB=0)
[2021.04.28-06.27.33:319][  0]LogInit: Going up to parent DeviceProfile []
[2021.04.28-06.27.33:319][  0]LogConfig: Applying CVar settings from Section [ViewDistanceQuality@3] File [D:/자료모음/2020_2nd/Game_Pro/GamePrograming_Project/UE4-MultiMazeRunner/Project_MultiMazeRunner/Saved/Config/Windows/Scalability.ini]
[2021.04.28-06.27.33:319][  0]LogConfig: Setting CVar [[r.SkeletalMeshLODBias:0]]
[2021.04.28-06.27.33:319][  0]LogConfig: Setting CVar [[r.ViewDistanceScale:1.0]]
[2021.04.28-06.27.33:319][  0]LogConfig: Applying CVar settings from Section [AntiAliasingQuality@3] File [D:/자료모음/2020_2nd/Game_Pro/GamePrograming_Project/UE4-MultiMazeRunner/Project_MultiMazeRunner/Saved/Config/Windows/Scalability.ini]
[2021.04.28-06.27.33:319][  0]LogConfig: Setting CVar [[r.PostProcessAAQuality:4]]
[2021.04.28-06.27.33:319][  0]LogConfig: Applying CVar settings from Section [ShadowQuality@3] File [D:/자료모음/2020_2nd/Game_Pro/GamePrograming_Project/UE4-MultiMazeRunner/Project_MultiMazeRunner/Saved/Config/Windows/Scalability.ini]
[2021.04.28-06.27.33:319][  0]LogConfig: Setting CVar [[r.LightFunctionQuality:1]]
[2021.04.28-06.27.33:319][  0]LogConfig: Setting CVar [[r.ShadowQuality:5]]
[2021.04.28-06.27.33:319][  0]LogConfig: Setting CVar [[r.Shadow.CSM.MaxCascades:10]]
[2021.04.28-06.27.33:319][  0]LogConfig: Setting CVar [[r.Shadow.MaxResolution:2048]]
[2021.04.28-06.27.33:319][  0]LogConfig: Setting CVar [[r.Shadow.MaxCSMResolution:2048]]
[2021.04.28-06.27.33:319][  0]LogConfig: Setting CVar [[r.Shadow.RadiusThreshold:0.01]]
[2021.04.28-06.27.33:319][  0]LogConfig: Setting CVar [[r.Shadow.DistanceScale:1.0]]
[2021.04.28-06.27.33:319][  0]LogConfig: Setting CVar [[r.Shadow.CSM.TransitionScale:1.0]]
[2021.04.28-06.27.33:319][  0]LogConfig: Setting CVar [[r.Shadow.PreShadowResolutionFactor:1.0]]
[2021.04.28-06.27.33:319][  0]LogConfig: Setting CVar [[r.DistanceFieldShadowing:1]]
[2021.04.28-06.27.33:319][  0]LogConfig: Setting CVar [[r.DistanceFieldAO:1]]
[2021.04.28-06.27.33:319][  0]LogConfig: Setting CVar [[r.AOQuality:2]]
[2021.04.28-06.27.33:319][  0]LogConfig: Setting CVar [[r.VolumetricFog:1]]
[2021.04.28-06.27.33:319][  0]LogConfig: Setting CVar [[r.VolumetricFog.GridPixelSize:8]]
[2021.04.28-06.27.33:319][  0]LogConfig: Setting CVar [[r.VolumetricFog.GridSizeZ:128]]
[2021.04.28-06.27.33:319][  0]LogConfig: Setting CVar [[r.VolumetricFog.HistoryMissSupersampleCount:4]]
[2021.04.28-06.27.33:319][  0]LogConfig: Setting CVar [[r.LightMaxDrawDistanceScale:1]]
[2021.04.28-06.27.33:319][  0]LogConfig: Setting CVar [[r.CapsuleShadows:1]]
[2021.04.28-06.27.33:319][  0]LogConfig: Applying CVar settings from Section [PostProcessQuality@3] File [D:/자료모음/2020_2nd/Game_Pro/GamePrograming_Project/UE4-MultiMazeRunner/Project_MultiMazeRunner/Saved/Config/Windows/Scalability.ini]
[2021.04.28-06.27.33:319][  0]LogConfig: Setting CVar [[r.MotionBlurQuality:4]]
[2021.04.28-06.27.33:319][  0]LogConfig: Setting CVar [[r.AmbientOcclusionMipLevelFactor:0.4]]
[2021.04.28-06.27.33:319][  0]LogConfig: Setting CVar [[r.AmbientOcclusionMaxQuality:100]]
[2021.04.28-06.27.33:319][  0]LogConfig: Setting CVar [[r.AmbientOcclusionLevels:-1]]
[2021.04.28-06.27.33:319][  0]LogConfig: Setting CVar [[r.AmbientOcclusionRadiusScale:1.0]]
[2021.04.28-06.27.33:319][  0]LogConfig: Setting CVar [[r.DepthOfFieldQuality:2]]
[2021.04.28-06.27.33:319][  0]LogConfig: Setting CVar [[r.RenderTargetPoolMin:400]]
[2021.04.28-06.27.33:319][  0]LogConfig: Setting CVar [[r.LensFlareQuality:2]]
[2021.04.28-06.27.33:319][  0]LogConfig: Setting CVar [[r.SceneColorFringeQuality:1]]
[2021.04.28-06.27.33:319][  0]LogConfig: Setting CVar [[r.EyeAdaptationQuality:2]]
[2021.04.28-06.27.33:319][  0]LogConfig: Setting CVar [[r.BloomQuality:5]]
[2021.04.28-06.27.33:319][  0]LogConfig: Setting CVar [[r.FastBlurThreshold:100]]
[2021.04.28-06.27.33:319][  0]LogConfig: Setting CVar [[r.Upscale.Quality:3]]
[2021.04.28-06.27.33:319][  0]LogConfig: Setting CVar [[r.Tonemapper.GrainQuantization:1]]
[2021.04.28-06.27.33:319][  0]LogConfig: Setting CVar [[r.LightShaftQuality:1]]
[2021.04.28-06.27.33:319][  0]LogConfig: Setting CVar [[r.Filter.SizeScale:1]]
[2021.04.28-06.27.33:319][  0]LogConfig: Setting CVar [[r.Tonemapper.Quality:5]]
[2021.04.28-06.27.33:319][  0]LogConfig: Setting CVar [[r.DOF.Gather.AccumulatorQuality:1        ; higher gathering accumulator quality]]
[2021.04.28-06.27.33:319][  0]LogConfig: Setting CVar [[r.DOF.Gather.PostfilterMethod:1          ; Median3x3 postfilering method]]
[2021.04.28-06.27.33:319][  0]LogConfig: Setting CVar [[r.DOF.Gather.EnableBokehSettings:0       ; no bokeh simulation when gathering]]
[2021.04.28-06.27.33:319][  0]LogConfig: Setting CVar [[r.DOF.Gather.RingCount:4                 ; medium number of samples when gathering]]
[2021.04.28-06.27.33:319][  0]LogConfig: Setting CVar [[r.DOF.Scatter.ForegroundCompositing:1    ; additive foreground scattering]]
[2021.04.28-06.27.33:319][  0]LogConfig: Setting CVar [[r.DOF.Scatter.BackgroundCompositing:2    ; additive background scattering]]
[2021.04.28-06.27.33:319][  0]LogConfig: Setting CVar [[r.DOF.Scatter.EnableBokehSettings:1      ; bokeh simulation when scattering]]
[2021.04.28-06.27.33:319][  0]LogConfig: Setting CVar [[r.DOF.Scatter.MaxSpriteRatio:0.1         ; only a maximum of 10% of scattered bokeh]]
[2021.04.28-06.27.33:319][  0]LogConfig: Setting CVar [[r.DOF.Recombine.Quality:1                ; cheap slight out of focus]]
[2021.04.28-06.27.33:319][  0]LogConfig: Setting CVar [[r.DOF.Recombine.EnableBokehSettings:0    ; no bokeh simulation on slight out of focus]]
[2021.04.28-06.27.33:319][  0]LogConfig: Setting CVar [[r.DOF.TemporalAAQuality:1                ; more stable temporal accumulation]]
[2021.04.28-06.27.33:319][  0]LogConfig: Setting CVar [[r.DOF.Kernel.MaxForegroundRadius:0.025]]
[2021.04.28-06.27.33:319][  0]LogConfig: Setting CVar [[r.DOF.Kernel.MaxBackgroundRadius:0.025]]
[2021.04.28-06.27.33:319][  0]LogConfig: Applying CVar settings from Section [TextureQuality@3] File [D:/자료모음/2020_2nd/Game_Pro/GamePrograming_Project/UE4-MultiMazeRunner/Project_MultiMazeRunner/Saved/Config/Windows/Scalability.ini]
[2021.04.28-06.27.33:319][  0]LogConfig: Setting CVar [[r.Streaming.MipBias:0]]
[2021.04.28-06.27.33:319][  0]LogConfig: Setting CVar [[r.Streaming.AmortizeCPUToGPUCopy:0]]
[2021.04.28-06.27.33:319][  0]LogConfig: Setting CVar [[r.Streaming.MaxNumTexturesToStreamPerFrame:0]]
[2021.04.28-06.27.33:319][  0]LogConfig: Setting CVar [[r.Streaming.Boost:1]]
[2021.04.28-06.27.33:319][  0]LogConfig: Setting CVar [[r.MaxAnisotropy:8]]
[2021.04.28-06.27.33:319][  0]LogConfig: Setting CVar [[r.Streaming.LimitPoolSizeToVRAM:0]]
[2021.04.28-06.27.33:319][  0]LogConfig: Setting CVar [[r.Streaming.PoolSize:1000]]
[2021.04.28-06.27.33:319][  0]LogConfig: Setting CVar [[r.Streaming.MaxEffectiveScreenSize:0]]
[2021.04.28-06.27.33:319][  0]LogConfig: Applying CVar settings from Section [EffectsQuality@3] File [D:/자료모음/2020_2nd/Game_Pro/GamePrograming_Project/UE4-MultiMazeRunner/Project_MultiMazeRunner/Saved/Config/Windows/Scalability.ini]
[2021.04.28-06.27.33:319][  0]LogConfig: Setting CVar [[r.TranslucencyLightingVolumeDim:64]]
[2021.04.28-06.27.33:319][  0]LogConfig: Setting CVar [[r.RefractionQuality:2]]
[2021.04.28-06.27.33:319][  0]LogConfig: Setting CVar [[r.SSR.Quality:3]]
[2021.04.28-06.27.33:319][  0]LogConfig: Setting CVar [[r.SceneColorFormat:4]]
[2021.04.28-06.27.33:319][  0]LogConfig: Setting CVar [[r.DetailMode:2]]
[2021.04.28-06.27.33:319][  0]LogConfig: Setting CVar [[r.TranslucencyVolumeBlur:1]]
[2021.04.28-06.27.33:319][  0]LogConfig: Setting CVar [[r.MaterialQualityLevel:1 ; High quality]]
[2021.04.28-06.27.33:319][  0]LogConfig: Setting CVar [[r.SSS.Scale:1]]
[2021.04.28-06.27.33:319][  0]LogConfig: Setting CVar [[r.SSS.SampleSet:2]]
[2021.04.28-06.27.33:319][  0]LogConfig: Setting CVar [[r.SSS.Quality:1]]
[2021.04.28-06.27.33:319][  0]LogConfig: Setting CVar [[r.SSS.HalfRes:1]]
[2021.04.28-06.27.33:319][  0]LogConfig: Setting CVar [[r.EmitterSpawnRateScale:1.0]]
[2021.04.28-06.27.33:319][  0]LogConfig: Setting CVar [[r.ParticleLightQuality:2]]
[2021.04.28-06.27.33:319][  0]LogConfig: Applying CVar settings from Section [FoliageQuality@3] File [D:/자료모음/2020_2nd/Game_Pro/GamePrograming_Project/UE4-MultiMazeRunner/Project_MultiMazeRunner/Saved/Config/Windows/Scalability.ini]
[2021.04.28-06.27.33:319][  0]LogConfig: Setting CVar [[foliage.DensityScale:1.0]]
[2021.04.28-06.27.33:319][  0]LogConfig: Setting CVar [[grass.DensityScale:1.0]]
[2021.04.28-06.27.33:319][  0]LogConfig: Applying CVar settings from Section [Startup] File [../../../Engine/Config/ConsoleVariables.ini]
[2021.04.28-06.27.33:320][  0]LogConfig: Setting CVar [[net.UseAdaptiveNetUpdateFrequency:0]]
[2021.04.28-06.27.33:320][  0]LogConfig: Setting CVar [[p.chaos.AllowCreatePhysxBodies:1]]
[2021.04.28-06.27.33:320][  0]LogConfig: Applying CVar settings from Section [ConsoleVariables] File [D:/자료모음/2020_2nd/Game_Pro/GamePrograming_Project/UE4-MultiMazeRunner/Project_MultiMazeRunner/Saved/Config/Windows/Engine.ini]
[2021.04.28-06.27.33:330][  0]LogInit: Computer: DESKTOP-S53VFKC
[2021.04.28-06.27.33:330][  0]LogInit: User: hhj32
[2021.04.28-06.27.33:330][  0]LogInit: CPU Page size=4096, Cores=6
[2021.04.28-06.27.33:330][  0]LogInit: High frequency timer resolution =10.000000 MHz
[2021.04.28-06.27.33:331][  0]LogMemory: Memory total: Physical=15.9GB (16GB approx)
[2021.04.28-06.27.33:331][  0]LogMemory: Platform Memory Stats for Windows
[2021.04.28-06.27.33:331][  0]LogMemory: Process Physical Memory: 102.72 MB used, 102.72 MB peak
[2021.04.28-06.27.33:331][  0]LogMemory: Process Virtual Memory: 101.46 MB used, 101.46 MB peak
[2021.04.28-06.27.33:331][  0]LogMemory: Physical Memory: 5403.91 MB used,  10888.08 MB free, 16291.99 MB total
[2021.04.28-06.27.33:331][  0]LogMemory: Virtual Memory: 4688.32 MB used,  134213040.00 MB free, 134217728.00 MB total
[2021.04.28-06.27.33:345][  0]LogWindows: WindowsPlatformFeatures enabled
[2021.04.28-06.27.33:508][  0]LogInit: Using OS detected language (ko-KR).
[2021.04.28-06.27.33:508][  0]LogInit: Using OS detected locale (ko-KR).
[2021.04.28-06.27.33:591][  0]LogTextLocalizationManager: No specific localization for 'ko-KR' exists, so the 'ko' localization will be used.
[2021.04.28-06.27.33:943][  0]LogInit: Setting process to per monitor DPI aware
[2021.04.28-06.27.34:264][  0]LogSlate: New Slate User Created.  User Index 0, Is Virtual User: 0
[2021.04.28-06.27.34:264][  0]LogSlate: Slate User Registered.  User Index 0, Is Virtual User: 0
[2021.04.28-06.27.37:098][  0]LogHMD: Failed to initialize OpenVR with code 110
[2021.04.28-06.27.37:098][  0]LogD3D11RHI: D3D11 adapters:
[2021.04.28-06.27.37:217][  0]LogD3D11RHI:    0. 'NVIDIA GeForce RTX 2060' (Feature Level 11_0)
[2021.04.28-06.27.37:217][  0]LogD3D11RHI:       5980/0/8145 MB DedicatedVideo/DedicatedSystem/SharedSystem, Outputs:1, VendorId:0x10de
[2021.04.28-06.27.37:295][  0]LogD3D11RHI:    1. 'NVIDIA GeForce RTX 2060' (Feature Level 11_0)
[2021.04.28-06.27.37:295][  0]LogD3D11RHI:       5980/0/8145 MB DedicatedVideo/DedicatedSystem/SharedSystem, Outputs:0, VendorId:0x10de
[2021.04.28-06.27.37:298][  0]LogD3D11RHI:    2. 'Microsoft Basic Render Driver' (Feature Level 11_0)
[2021.04.28-06.27.37:298][  0]LogD3D11RHI:       0/0/8145 MB DedicatedVideo/DedicatedSystem/SharedSystem, Outputs:0, VendorId:0x1414
[2021.04.28-06.27.37:298][  0]LogD3D11RHI: Chosen D3D11 Adapter: 0
[2021.04.28-06.27.37:329][  0]LogD3D11RHI: Creating new Direct3DDevice
[2021.04.28-06.27.37:329][  0]LogD3D11RHI:     GPU DeviceId: 0x1f08 (for the marketing name, search the web for "GPU Device Id")
[2021.04.28-06.27.37:329][  0]LogWindows: EnumDisplayDevices:
[2021.04.28-06.27.37:329][  0]LogWindows:    0. 'Microsoft Remote Display Adapter' (P:1 D:1)
[2021.04.28-06.27.37:329][  0]LogWindows:    1. 'Microsoft Remote Display Adapter' (P:0 D:0)
[2021.04.28-06.27.37:329][  0]LogWindows:    2. 'Microsoft Remote Display Adapter' (P:0 D:0)
[2021.04.28-06.27.37:329][  0]LogWindows:    3. 'Microsoft Remote Display Adapter' (P:0 D:0)
[2021.04.28-06.27.37:329][  0]LogWindows:    4. 'Microsoft Remote Display Adapter' (P:0 D:0)
[2021.04.28-06.27.37:330][  0]LogWindows:    5. 'Microsoft Remote Display Adapter' (P:0 D:0)
[2021.04.28-06.27.37:330][  0]LogWindows:    6. 'Microsoft Remote Display Adapter' (P:0 D:0)
[2021.04.28-06.27.37:330][  0]LogWindows:    7. 'Microsoft Remote Display Adapter' (P:0 D:0)
[2021.04.28-06.27.37:330][  0]LogWindows:    8. 'Microsoft Remote Display Adapter' (P:0 D:0)
[2021.04.28-06.27.37:330][  0]LogWindows:    9. 'Microsoft Remote Display Adapter' (P:0 D:0)
[2021.04.28-06.27.37:330][  0]LogWindows:    10. 'Microsoft Remote Display Adapter' (P:0 D:0)
[2021.04.28-06.27.37:330][  0]LogWindows:    11. 'Microsoft Remote Display Adapter' (P:0 D:0)
[2021.04.28-06.27.37:330][  0]LogWindows:    12. 'Microsoft Remote Display Adapter' (P:0 D:0)
[2021.04.28-06.27.37:331][  0]LogWindows:    13. 'Microsoft Remote Display Adapter' (P:0 D:0)
[2021.04.28-06.27.37:331][  0]LogWindows:    14. 'Microsoft Remote Display Adapter' (P:0 D:0)
[2021.04.28-06.27.37:331][  0]LogWindows:    15. 'Microsoft Remote Display Adapter' (P:0 D:0)
[2021.04.28-06.27.37:331][  0]LogWindows: DebugString: PrimaryDriverLocationFailed PrimaryDriverLocationFailed PrimaryDriverLocationFailed PrimaryDriverLocationFailed PrimaryDriverLocationFailed PrimaryDriverLocationFailed PrimaryDriverLocationFailed PrimaryDriverLocationFailed PrimaryDriverLocationFailed PrimaryDriverLocationFailed PrimaryDriverLocationFailed PrimaryDriverLocationFailed PrimaryDriverLocationFailed PrimaryDriverLocationFailed PrimaryDriverLocationFailed PrimaryDriverLocationFailed FoundDriverCount:0 
[2021.04.28-06.27.37:331][  0]LogD3D11RHI:     Adapter Name: NVIDIA GeForce RTX 2060
[2021.04.28-06.27.37:331][  0]LogD3D11RHI:   Driver Version: Unknown (internal:Unknown, unified:Unknown)
[2021.04.28-06.27.37:331][  0]LogD3D11RHI:      Driver Date: Unknown
[2021.04.28-06.27.37:331][  0]LogRHI: Texture pool is 4186 MB (70% of 5980 MB)
[2021.04.28-06.27.37:421][  0]LogD3D11RHI: Async texture creation enabled
[2021.04.28-06.27.37:544][  0]LogD3D11RHI: GPU Timing Frequency: 1000.000000 (Debug: 2 1)
[2021.04.28-06.27.38:338][  0]LogTemp: Display: Module 'AllDesktopTargetPlatform' loaded TargetPlatform 'AllDesktop'
[2021.04.28-06.27.38:354][  0]LogTemp: Display: Module 'MacClientTargetPlatform' loaded TargetPlatform 'MacClient'
[2021.04.28-06.27.38:361][  0]LogTemp: Display: Module 'MacNoEditorTargetPlatform' loaded TargetPlatform 'MacNoEditor'
[2021.04.28-06.27.38:368][  0]LogTemp: Display: Module 'MacServerTargetPlatform' loaded TargetPlatform 'MacServer'
[2021.04.28-06.27.38:427][  0]LogTemp: Display: Module 'MacTargetPlatform' loaded TargetPlatform 'Mac'
[2021.04.28-06.27.38:463][  0]LogTemp: Display: Module 'WindowsClientTargetPlatform' loaded TargetPlatform 'WindowsClient'
[2021.04.28-06.27.38:480][  0]LogTemp: Display: Module 'WindowsNoEditorTargetPlatform' loaded TargetPlatform 'WindowsNoEditor'
[2021.04.28-06.27.38:487][  0]LogTemp: Display: Module 'WindowsServerTargetPlatform' loaded TargetPlatform 'WindowsServer'
[2021.04.28-06.27.38:515][  0]LogTemp: Display: Module 'WindowsTargetPlatform' loaded TargetPlatform 'Windows'
[2021.04.28-06.27.38:567][  0]LogTemp: Display: Module 'AndroidTargetPlatform' loaded TargetPlatform 'Android'
[2021.04.28-06.27.38:567][  0]LogTemp: Display: Module 'AndroidTargetPlatform' loaded TargetPlatform 'Android_ASTC'
[2021.04.28-06.27.38:567][  0]LogTemp: Display: Module 'AndroidTargetPlatform' loaded TargetPlatform 'Android_ATC'
[2021.04.28-06.27.38:567][  0]LogTemp: Display: Module 'AndroidTargetPlatform' loaded TargetPlatform 'Android_DXT'
[2021.04.28-06.27.38:567][  0]LogTemp: Display: Module 'AndroidTargetPlatform' loaded TargetPlatform 'Android_ETC1'
[2021.04.28-06.27.38:567][  0]LogTemp: Display: Module 'AndroidTargetPlatform' loaded TargetPlatform 'Android_ETC1a'
[2021.04.28-06.27.38:567][  0]LogTemp: Display: Module 'AndroidTargetPlatform' loaded TargetPlatform 'Android_ETC2'
[2021.04.28-06.27.38:567][  0]LogTemp: Display: Module 'AndroidTargetPlatform' loaded TargetPlatform 'Android_PVRTC'
[2021.04.28-06.27.38:567][  0]LogTemp: Display: Module 'AndroidTargetPlatform' loaded TargetPlatform 'AndroidClient'
[2021.04.28-06.27.38:567][  0]LogTemp: Display: Module 'AndroidTargetPlatform' loaded TargetPlatform 'Android_ASTCClient'
[2021.04.28-06.27.38:567][  0]LogTemp: Display: Module 'AndroidTargetPlatform' loaded TargetPlatform 'Android_ATCClient'
[2021.04.28-06.27.38:567][  0]LogTemp: Display: Module 'AndroidTargetPlatform' loaded TargetPlatform 'Android_DXTClient'
[2021.04.28-06.27.38:567][  0]LogTemp: Display: Module 'AndroidTargetPlatform' loaded TargetPlatform 'Android_ETC1Client'
[2021.04.28-06.27.38:567][  0]LogTemp: Display: Module 'AndroidTargetPlatform' loaded TargetPlatform 'Android_ETC1aClient'
[2021.04.28-06.27.38:567][  0]LogTemp: Display: Module 'AndroidTargetPlatform' loaded TargetPlatform 'Android_ETC2Client'
[2021.04.28-06.27.38:567][  0]LogTemp: Display: Module 'AndroidTargetPlatform' loaded TargetPlatform 'Android_PVRTCClient'
[2021.04.28-06.27.38:567][  0]LogTemp: Display: Module 'AndroidTargetPlatform' loaded TargetPlatform 'Android_Multi'
[2021.04.28-06.27.38:567][  0]LogTemp: Display: Module 'AndroidTargetPlatform' loaded TargetPlatform 'Android_MultiClient'
[2021.04.28-06.27.38:583][  0]LogTemp: Display: Module 'HTML5TargetPlatform' loaded TargetPlatform 'HTML5'
[2021.04.28-06.27.38:650][  0]LogTemp: Display: Module 'IOSTargetPlatform' loaded TargetPlatform 'IOSClient'
[2021.04.28-06.27.38:650][  0]LogTemp: Display: Module 'IOSTargetPlatform' loaded TargetPlatform 'IOS'
[2021.04.28-06.27.38:676][  0]LogTemp: Display: Module 'TVOSTargetPlatform' loaded TargetPlatform 'TVOSClient'
[2021.04.28-06.27.38:676][  0]LogTemp: Display: Module 'TVOSTargetPlatform' loaded TargetPlatform 'TVOS'
[2021.04.28-06.27.38:720][  0]LogTemp: Display: Module 'LuminTargetPlatform' loaded TargetPlatform 'Lumin'
[2021.04.28-06.27.38:720][  0]LogTemp: Display: Module 'LuminTargetPlatform' loaded TargetPlatform 'LuminClient'
[2021.04.28-06.27.38:720][  0]LogTargetPlatformManager: Display: Building Assets For Windows
[2021.04.28-06.27.38:768][  0]LogAudioDebug: Display: Lib vorbis DLL was dynamically loaded.
[2021.04.28-06.27.39:181][  0]LogShaderCompilers: Guid format shader working directory is -59 characters bigger than the processId version (../../../../../자료모음/2020_2nd/Game_Pro/GamePrograming_Project/UE4-MultiMazeRunner/Project_MultiMazeRunner/Intermediate/Shaders/WorkingDirectory/19468/).
[2021.04.28-06.27.39:181][  0]LogShaderCompilers: Cleaned the shader compiler working directory 'C:/Users/hhj32/AppData/Local/Temp/UnrealShaderWorkingDir/73FBBF654497A24ABA938D92D3AE75EB/'.
[2021.04.28-06.27.39:205][  0]LogXGEController: Cleaning working directory: C:/Users/hhj32/AppData/Local/Temp/UnrealXGEWorkingDir/
[2021.04.28-06.27.39:205][  0]LogXGEController: Cannot use XGE Controller as Incredibuild is not installed on this machine.
[2021.04.28-06.27.39:206][  0]LogShaderCompilers: Cannot use XGE Shader Compiler as Incredibuild is not installed on this machine.
[2021.04.28-06.27.39:206][  0]LogShaderCompilers: Display: Using Local Shader Compiler.
[2021.04.28-06.27.41:920][  0]LogDerivedDataCache: Display: Max Cache Size: 512 MB
[2021.04.28-06.27.41:965][  0]LogDerivedDataCache: Loaded boot cache 0.04s 73MB ../../../../../자료모음/2020_2nd/Game_Pro/GamePrograming_Project/UE4-MultiMazeRunner/Project_MultiMazeRunner/DerivedDataCache/Boot.ddc.
[2021.04.28-06.27.41:965][  0]LogDerivedDataCache: Display: Loaded Boot cache: ../../../../../자료모음/2020_2nd/Game_Pro/GamePrograming_Project/UE4-MultiMazeRunner/Project_MultiMazeRunner/DerivedDataCache/Boot.ddc
[2021.04.28-06.27.41:965][  0]LogDerivedDataCache: FDerivedDataBackendGraph:  Pak pak cache file ../../../../../자료모음/2020_2nd/Game_Pro/GamePrograming_Project/UE4-MultiMazeRunner/Project_MultiMazeRunner/DerivedDataCache/DDC.ddp not found, will not use a pak cache.
[2021.04.28-06.27.41:965][  0]LogDerivedDataCache: Unable to find inner node Pak for hierarchical cache Hierarchy.
[2021.04.28-06.27.41:965][  0]LogDerivedDataCache: FDerivedDataBackendGraph:  EnginePak pak cache file ../../../Engine/DerivedDataCache/DDC.ddp not found, will not use a pak cache.
[2021.04.28-06.27.41:965][  0]LogDerivedDataCache: Unable to find inner node EnginePak for hierarchical cache Hierarchy.
[2021.04.28-06.27.41:966][  0]LogDerivedDataCache: Using Local data cache path ../../../Engine/DerivedDataCache: Writable
[2021.04.28-06.27.41:966][  0]LogDerivedDataCache: Shared data cache path not found in *engine.ini, will not use an Shared cache.
[2021.04.28-06.27.41:966][  0]LogDerivedDataCache: Unable to find inner node Shared for hierarchical cache Hierarchy.
[2021.04.28-06.27.41:993][  0]LogMaterial: Verifying Global Shaders for PCD3D_SM5
[2021.04.28-06.27.42:108][  0]LogSlate: Using FreeType 2.6.0
[2021.04.28-06.27.42:210][  0]LogSlate: SlateFontServices - WITH_FREETYPE: 1, WITH_HARFBUZZ: 1
[2021.04.28-06.27.44:221][  0]LogAssetRegistry: FAssetRegistry took 0.0028 seconds to start up
[2021.04.28-06.27.47:136][  0]LogInit: Selected Device Profile: [Windows]
[2021.04.28-06.27.48:109][  0]LogMeshReduction: Using QuadricMeshReduction for automatic static mesh reduction
[2021.04.28-06.27.48:109][  0]LogMeshReduction: Using SimplygonMeshReduction for automatic skeletal mesh reduction
[2021.04.28-06.27.48:109][  0]LogMeshReduction: Using ProxyLODMeshReduction for automatic mesh merging
[2021.04.28-06.27.48:109][  0]LogMeshReduction: No distributed automatic mesh merging module available
[2021.04.28-06.27.48:109][  0]LogMeshMerging: No distributed automatic mesh merging module available
[2021.04.28-06.27.48:247][  0]LogNetVersion: My3 1.0.0, NetCL: 0, EngineNetVer: 11, GameNetVer: 0 (Checksum: 3866946828)
[2021.04.28-06.27.50:986][  0]LogPackageLocalizationCache: Processed 12 localized package path(s) for 1 prioritized culture(s) in 0.048447 seconds
[2021.04.28-06.27.50:993][  0]LogUObjectArray: 43433 objects as part of root set at end of initial load.
[2021.04.28-06.27.50:993][  0]LogUObjectAllocator: 7546424 out of 0 bytes used by permanent object pool.
[2021.04.28-06.27.50:993][  0]LogUObjectArray: CloseDisregardForGC: 0/0 objects in disregard for GC pool
[2021.04.28-06.28.07:050][  0]LogTcpMessaging: Initializing TcpMessaging bridge
[2021.04.28-06.28.07:075][  0]LogUdpMessaging: Initializing bridge on interface 0.0.0.0:0 to multicast group 230.0.0.1:6666.
[2021.04.28-06.28.07:576][  0]SourceControl: 소스 컨트롤이 꺼졌습니다.
[2021.04.28-06.28.07:587][  0]SourceControl: 소스 컨트롤이 꺼졌습니다.
[2021.04.28-06.28.07:654][  0]SourceControl: 소스 컨트롤이 꺼졌습니다.
[2021.04.28-06.28.07:670][  0]SourceControl: 소스 컨트롤이 꺼졌습니다.
[2021.04.28-06.28.08:824][  0]LogAndroidPermission: UAndroidPermissionCallbackProxy::GetInstance
[2021.04.28-06.28.09:271][  0]LogOcInput: OculusInput pre-init called
[2021.04.28-06.28.09:296][  0]LogWindows: Failed to load 'OVRPlugin.dll' (GetLastError=126)
[2021.04.28-06.28.09:296][  0]LogWindows: File 'OVRPlugin.dll' does not exist
[2021.04.28-06.28.10:045][  0]LogEngine: Initializing Engine...
[2021.04.28-06.28.10:073][  0]LogHMD: Failed to initialize OpenVR with code 110
[2021.04.28-06.28.10:107][  0]LogStats: UGameplayTagsManager::InitializeManager -  0.020 s
[2021.04.28-06.28.10:746][  0]LogInit: Initializing FReadOnlyCVARCache
[2021.04.28-06.28.11:000][  0]LogAIModule: Creating AISystem for world Untitled
[2021.04.28-06.28.11:131][  0]LogInit: XAudio2 using '원격 오디오' : 2 channels at 44.1 kHz using 16 bits per sample (channel mask 0x3)
[2021.04.28-06.28.11:282][  0]LogInit: FAudioDevice initialized.
[2021.04.28-06.28.11:282][  0]LogNetVersion: Set ProjectVersion to 1.0.0.0. Version Checksum will be recalculated on next use.
[2021.04.28-06.28.11:458][  0]LogDerivedDataCache: Saved boot cache 0.18s 73MB ../../../../../자료모음/2020_2nd/Game_Pro/GamePrograming_Project/UE4-MultiMazeRunner/Project_MultiMazeRunner/DerivedDataCache/Boot.ddc.
[2021.04.28-06.28.11:458][  0]LogInit: Texture streaming: Enabled
[2021.04.28-06.28.11:600][  0]LogEngineSessionManager: EngineSessionManager initialized
[2021.04.28-06.28.11:600][  0]LogEditorSessionSummary: Verbose: Initializing EditorSessionSummaryWriter for editor session tracking
[2021.04.28-06.28.11:612][  0]LogEditorSessionSummary: EditorSessionSummaryWriter initialized
[2021.04.28-06.28.11:863][  0]LogInit: Transaction tracking system initialized
[2021.04.28-06.28.12:175][  0]BlueprintLog: New page: 에디터 로드
[2021.04.28-06.28.12:903][  0]LocalizationService: 현지화 서비스가 비활성화되었습니다.
[2021.04.28-06.28.15:580][  0]LogCook: Display: Max memory allowance for cook 16384mb min free memory 0mb
[2021.04.28-06.28.15:581][  0]LogCook: Display: Mobile HDR setting 1
[2021.04.28-06.28.16:407][  0]LogFileCache: Scanning file cache for directory 'D:/자료모음/2020_2nd/Game_Pro/GamePrograming_Project/UE4-MultiMazeRunner/Project_MultiMazeRunner/Content/' took 0.03s
[2021.04.28-06.28.18:832][  0]SourceControl: 소스 컨트롤이 꺼졌습니다.
[2021.04.28-06.28.18:856][  0]Cmd: MAP LOAD FILE="../../../../../자료모음/2020_2nd/Game_Pro/GamePrograming_Project/UE4-MultiMazeRunner/Project_MultiMazeRunner/Content/0Server_Map/Server_Map.umap" TEMPLATE=0 SHOWPROGRESS=1 FEATURELEVEL=3
[2021.04.28-06.28.18:856][  0]LightingResults: New page: 라이팅 빌드
[2021.04.28-06.28.18:915][  0]LogWorld: UWorld::CleanupWorld for Untitled, bSessionEnded=true, bCleanupResources=true
[2021.04.28-06.28.18:958][  0]MapCheck: New page: 맵 체크
[2021.04.28-06.28.18:958][  0]LightingResults: New page: 라이팅 빌드
[2021.04.28-06.28.19:168][  0]LogUObjectHash: Compacting FUObjectHashTables data took   1.57ms
[2021.04.28-06.28.39:612][  0]LogAIModule: Creating AISystem for world Server_Map
[2021.04.28-06.28.40:303][  0]LogEditorServer: Finished looking for orphan Actors (0.000 secs)
[2021.04.28-06.28.40:379][  0]LogUObjectHash: Compacting FUObjectHashTables data took   2.46ms
[2021.04.28-06.28.40:380][  0]Cmd: MAP CHECKDEP NOCLEARLOG
[2021.04.28-06.28.40:380][  0]MapCheck: 맵 체크 완료: 오류 0 회, 경고 0 회, 소요 시간 0.143ms.
[2021.04.28-06.28.40:380][  0]LogFileHelpers: Loading map 'Server_Map' took 21.524
[2021.04.28-06.28.41:406][  0]LogSlate: Updating window title bar state: overlay mode, drag disabled, window buttons hidden, title bar hidden
[2021.04.28-06.28.41:412][  0]LogSlate: Updating window title bar state: overlay mode, drag disabled, window buttons hidden, title bar hidden
[2021.04.28-06.28.41:417][  0]LogSlate: Updating window title bar state: overlay mode, drag disabled, window buttons hidden, title bar hidden
[2021.04.28-06.28.41:422][  0]LogSlate: Updating window title bar state: overlay mode, drag disabled, window buttons hidden, title bar hidden
[2021.04.28-06.28.41:551][  0]LogCollectionManager: Loaded 0 collections in 0.000931 seconds
[2021.04.28-06.28.41:607][  0]LogFileCache: Scanning file cache for directory 'D:/자료모음/2020_2nd/Game_Pro/GamePrograming_Project/UE4-MultiMazeRunner/Project_MultiMazeRunner/Saved/Collections/' took 0.00s
[2021.04.28-06.28.41:607][  0]LogFileCache: Scanning file cache for directory 'D:/자료모음/2020_2nd/Game_Pro/GamePrograming_Project/UE4-MultiMazeRunner/Project_MultiMazeRunner/Content/Developers/hhj32/Collections/' took 0.00s
[2021.04.28-06.28.41:607][  0]LogFileCache: Scanning file cache for directory 'D:/자료모음/2020_2nd/Game_Pro/GamePrograming_Project/UE4-MultiMazeRunner/Project_MultiMazeRunner/Content/Collections/' took 0.00s
[2021.04.28-06.28.41:607][  0]LogCollectionManager: Rebuilt the GUID cache for 0 collections in 0.000001 seconds
[2021.04.28-06.28.41:641][  0]LogContentBrowser: Native class hierarchy populated in 0.0327 seconds. Added 2862 classes and 678 folders.
[2021.04.28-06.28.41:703][  0]LogContentBrowser: Native class hierarchy updated for 'WidgetCarousel' in 0.0003 seconds. Added 0 classes and 0 folders.
[2021.04.28-06.28.43:248][  0]LogContentBrowser: Native class hierarchy updated for 'AddContentDialog' in 0.0003 seconds. Added 0 classes and 0 folders.
[2021.04.28-06.28.43:307][  0]LogContentBrowser: Native class hierarchy updated for 'SceneOutliner' in 0.0003 seconds. Added 1 classes and 2 folders.
[2021.04.28-06.28.43:914][  0]LogSlate: Took 0.029820 seconds to synchronously load lazily loaded font '../../../Engine/Content/Slate/Fonts/Roboto-Regular.ttf' (155K)
[2021.04.28-06.28.44:049][  0]LogSlate: Took 0.132956 seconds to synchronously load lazily loaded font '../../../Engine/Content/Editor/Slate/Fonts/NanumGothic.ttf' (4243K)
[2021.04.28-06.28.44:103][  0]LogSlate: Took 0.053036 seconds to synchronously load lazily loaded font '../../../Engine/Content/Editor/Slate/Fonts/NanumGothicBold.ttf' (4188K)
[2021.04.28-06.28.44:121][  0]LogSlate: Took 0.018844 seconds to synchronously load lazily loaded font '../../../Engine/Content/Slate/Fonts/Roboto-Bold.ttf' (160K)
[2021.04.28-06.28.44:131][  0]LogSlate: Took 0.006547 seconds to synchronously load lazily loaded font '../../../Engine/Content/Editor/Slate/Fonts/FontAwesome.ttf' (139K)
[2021.04.28-06.28.44:483][  0]LogRenderer: Reallocating scene render targets to support 924x376 Format 10 NumSamples 1 (Frame:1).
[2021.04.28-06.28.44:722][  0]LogSlate: Took 0.022601 seconds to synchronously load lazily loaded font '../../../Engine/Content/Slate/Fonts/Roboto-Light.ttf' (167K)
[2021.04.28-06.28.44:850][  0]LogContentBrowser: Native class hierarchy updated for 'HierarchicalLODOutliner' in 0.0003 seconds. Added 0 classes and 0 folders.
[2021.04.28-06.28.44:850][  0]LogLoad: (Engine Initialization) Total time: 76.99 seconds
[2021.04.28-06.28.44:850][  0]LogLoad: (Engine Initialization) Total Blueprint compile time: 0.00 seconds
[2021.04.28-06.28.45:053][  0]LogContentStreaming: Texture pool size now 1000 MB
[2021.04.28-06.28.49:197][ 48]LogAssetRegistry: Asset discovery search completed in 64.9771 seconds
[2021.04.28-06.28.49:200][ 48]LogCollectionManager: Rebuilt the object cache for 0 collections in 0.000003 seconds (found 0 objects)
[2021.04.28-06.28.49:200][ 48]LogCollectionManager: Fixed up redirectors for 0 collections in 0.000029 seconds (updated 0 objects)
[2021.04.28-06.29.25:683][418]LogSlate: FSceneViewport::OnFocusLost() reason 0
[2021.04.28-06.29.25:814][429]LogUObjectHash: Compacting FUObjectHashTables data took   0.72ms
[2021.04.28-06.29.25:852][429]LogSlate: Window 'My3 - 언리얼 에디터' being destroyed
[2021.04.28-06.29.25:854][429]LogWindowsTextInputMethodSystem: Display: IME system now activated using TSF (Microsoft 입력기).
[2021.04.28-06.29.26:053][430]Cmd: QUIT_EDITOR
[2021.04.28-06.29.26:215][430]LogExit: Preparing to exit.
[2021.04.28-06.29.27:226][430]LogDemo: Cleaned up 0 splitscreen connections with owner deletion
[2021.04.28-06.29.27:246][430]LogWorld: UWorld::CleanupWorld for None, bSessionEnded=true, bCleanupResources=true
[2021.04.28-06.29.27:247][430]LogExit: Editor shut down
[2021.04.28-06.29.27:247][430]LogExit: Transaction tracking system shut down
[2021.04.28-06.29.27:953][430]LogExit: Object subsystem successfully closed.
[2021.04.28-06.29.28:000][430]LogShaderCompilers: Display: Shaders left to compile 0
[2021.04.28-06.29.28:368][430]LogModuleManager: Shutting down and abandoning module HierarchicalLODOutliner (662)
[2021.04.28-06.29.28:368][430]LogModuleManager: Shutting down and abandoning module SceneOutliner (660)
[2021.04.28-06.29.28:368][430]LogModuleManager: Shutting down and abandoning module AddContentDialog (658)
[2021.04.28-06.29.28:368][430]LogModuleManager: Shutting down and abandoning module WidgetCarousel (657)
[2021.04.28-06.29.28:368][430]LogModuleManager: Shutting down and abandoning module EditorWidgets (654)
[2021.04.28-06.29.28:368][430]LogModuleManager: Shutting down and abandoning module CollectionManager (652)
[2021.04.28-06.29.28:368][430]LogModuleManager: Shutting down and abandoning module StatsViewer (650)
[2021.04.28-06.29.28:368][430]LogModuleManager: Shutting down and abandoning module VirtualTexturingEditor (648)
[2021.04.28-06.29.28:368][430]LogModuleManager: Shutting down and abandoning module FoliageEdit (646)
[2021.04.28-06.29.28:368][430]LogModuleManager: Shutting down and abandoning module LandscapeEditor (644)
[2021.04.28-06.29.28:387][430]LogModuleManager: Shutting down and abandoning module MeshPaintMode (642)
[2021.04.28-06.29.28:387][430]LogModuleManager: Shutting down and abandoning module SceneDepthPickerMode (640)
[2021.04.28-06.29.28:387][430]LogModuleManager: Shutting down and abandoning module ActorPickerMode (638)
[2021.04.28-06.29.28:387][430]LogModuleManager: Shutting down and abandoning module GeometryMode (636)
[2021.04.28-06.29.28:387][430]LogModuleManager: Shutting down and abandoning module TextureAlignMode (634)
[2021.04.28-06.29.28:387][430]LogModuleManager: Shutting down and abandoning module BspMode (632)
[2021.04.28-06.29.28:387][430]LogModuleManager: Shutting down and abandoning module PIEPreviewDeviceProfileSelector (630)
[2021.04.28-06.29.28:403][430]LogModuleManager: Shutting down and abandoning module SequenceRecorderSections (628)
[2021.04.28-06.29.28:403][430]LogModuleManager: Shutting down and abandoning module AutomationWorker (626)
[2021.04.28-06.29.28:403][430]LogModuleManager: Shutting down and abandoning module OculusMR (624)
[2021.04.28-06.29.28:403][430]LogModuleManager: Shutting down and abandoning module AudioCaptureEditor (622)
[2021.04.28-06.29.28:403][430]LogModuleManager: Shutting down and abandoning module MatineeToLevelSequence (620)
[2021.04.28-06.29.28:403][430]LogModuleManager: Shutting down and abandoning module LevelSequenceEditor (618)
[2021.04.28-06.29.28:404][430]LogModuleManager: Shutting down and abandoning module PlacementMode (617)
[2021.04.28-06.29.28:404][430]LogModuleManager: Shutting down and abandoning module MaterialEditor (616)
[2021.04.28-06.29.28:429][430]LogModuleManager: Shutting down and abandoning module ActorSequenceEditor (612)
[2021.04.28-06.29.28:442][430]LogModuleManager: Shutting down and abandoning module WmfMediaFactory (610)
[2021.04.28-06.29.28:442][430]LogModuleManager: Shutting down and abandoning module WmfMediaEditor (608)
[2021.04.28-06.29.28:442][430]LogModuleManager: Shutting down and abandoning module WebMMediaFactory (606)
[2021.04.28-06.29.28:442][430]LogModuleManager: Shutting down and abandoning module WebMMediaEditor (604)
[2021.04.28-06.29.28:442][430]LogModuleManager: Shutting down and abandoning module WebMMedia (602)
[2021.04.28-06.29.28:442][430]LogModuleManager: Shutting down and abandoning module MediaPlayerEditor (600)
[2021.04.28-06.29.28:450][430]LogModuleManager: Shutting down and abandoning module MediaCompositingEditor (598)
[2021.04.28-06.29.28:459][430]LogModuleManager: Shutting down and abandoning module SequenceRecorder (597)
[2021.04.28-06.29.28:459][430]LogModuleManager: Shutting down and abandoning module OpenExrWrapper (594)
[2021.04.28-06.29.28:459][430]LogModuleManager: Shutting down and abandoning module ImgMediaFactory (592)
[2021.04.28-06.29.28:459][430]LogModuleManager: Shutting down and abandoning module ImgMediaEditor (590)
[2021.04.28-06.29.28:459][430]LogModuleManager: Shutting down and abandoning module AvfMediaFactory (588)
[2021.04.28-06.29.28:459][430]LogModuleManager: Shutting down and abandoning module AvfMediaEditor (586)
[2021.04.28-06.29.28:459][430]LogModuleManager: Shutting down and abandoning module AndroidMediaFactory (584)
[2021.04.28-06.29.28:459][430]LogModuleManager: Shutting down and abandoning module AndroidMediaEditor (582)
[2021.04.28-06.29.28:459][430]LogModuleManager: Shutting down and abandoning module MagicLeapCameraPreviewFactory (580)
[2021.04.28-06.29.28:459][430]LogModuleManager: Shutting down and abandoning module MagicLeapMediaCodecFactory (578)
[2021.04.28-06.29.28:459][430]LogModuleManager: Shutting down and abandoning module MagicLeapMediaFactory (576)
[2021.04.28-06.29.28:459][430]LogModuleManager: Shutting down and abandoning module MagicLeapMediaEditor (574)
[2021.04.28-06.29.28:459][430]LogModuleManager: Shutting down and abandoning module CharacterAI (572)
[2021.04.28-06.29.28:459][430]LogModuleManager: Shutting down and abandoning module SmartSnapping (570)
[2021.04.28-06.29.28:459][430]LogModuleManager: Shutting down and abandoning module SessionServices (568)
[2021.04.28-06.29.28:459][430]LogModuleManager: Shutting down and abandoning module MeshPaint (566)
[2021.04.28-06.29.28:459][430]LogModuleManager: Shutting down and abandoning module ViewportSnapping (564)
[2021.04.28-06.29.28:459][430]LogModuleManager: Shutting down and abandoning module ViewportInteraction (562)
[2021.04.28-06.29.28:459][430]LogModuleManager: Shutting down and abandoning module ClothPainter (560)
[2021.04.28-06.29.28:459][430]LogModuleManager: Shutting down and abandoning module SkeletalMeshEditor (559)
[2021.04.28-06.29.28:473][430]LogModuleManager: Shutting down and abandoning module LogVisualizer (556)
[2021.04.28-06.29.28:480][430]LogModuleManager: Shutting down and abandoning module IntroTutorials (554)
[2021.04.28-06.29.28:480][430]LogModuleManager: Shutting down and abandoning module GameProjectGeneration (553)
[2021.04.28-06.29.28:480][430]LogModuleManager: Shutting down and abandoning module LuminPlatformEditor (550)
[2021.04.28-06.29.28:480][430]LogModuleManager: Shutting down and abandoning module IOSPlatformEditor (548)
[2021.04.28-06.29.28:480][430]LogModuleManager: Shutting down and abandoning module HTML5PlatformEditor (546)
[2021.04.28-06.29.28:480][430]LogModuleManager: Shutting down and abandoning module AndroidPlatformEditor (544)
[2021.04.28-06.29.28:480][430]LogModuleManager: Shutting down and abandoning module AndroidDeviceDetection (543)
[2021.04.28-06.29.29:092][430]LogModuleManager: Shutting down and abandoning module WindowsPlatformEditor (540)
[2021.04.28-06.29.29:092][430]LogModuleManager: Shutting down and abandoning module LuminRuntimeSettings (538)
[2021.04.28-06.29.29:092][430]LogModuleManager: Shutting down and abandoning module IOSRuntimeSettings (536)
[2021.04.28-06.29.29:092][430]LogModuleManager: Shutting down and abandoning module AndroidRuntimeSettings (534)
[2021.04.28-06.29.29:092][430]LogModuleManager: Shutting down and abandoning module TimeManagementEditor (532)
[2021.04.28-06.29.29:092][430]LogModuleManager: Shutting down and abandoning module InputBindingEditor (530)
[2021.04.28-06.29.29:092][430]LogModuleManager: Shutting down and abandoning module MergeActors (528)
[2021.04.28-06.29.29:130][430]LogModuleManager: Shutting down and abandoning module LocalizationDashboard (526)
[2021.04.28-06.29.29:130][430]LogModuleManager: Shutting down and abandoning module LocalizationService (525)
[2021.04.28-06.29.29:130][430]LogModuleManager: Shutting down and abandoning module HardwareTargeting (522)
[2021.04.28-06.29.29:130][430]LogModuleManager: Shutting down and abandoning module DeviceProfileEditor (520)
[2021.04.28-06.29.29:130][430]LogModuleManager: Shutting down and abandoning module UndoHistory (518)
[2021.04.28-06.29.29:130][430]LogModuleManager: Shutting down and abandoning module XmlParser (516)
[2021.04.28-06.29.29:130][430]LogModuleManager: Shutting down and abandoning module Blutility (514)
[2021.04.28-06.29.29:130][430]LogModuleManager: Shutting down and abandoning module ProjectSettingsViewer (512)
[2021.04.28-06.29.29:130][430]LogModuleManager: Shutting down and abandoning module ProjectTargetPlatformEditor (511)
[2021.04.28-06.29.29:130][430]LogModuleManager: Shutting down and abandoning module EditorSettingsViewer (508)
[2021.04.28-06.29.29:130][430]LogModuleManager: Shutting down and abandoning module SettingsEditor (506)
[2021.04.28-06.29.29:130][430]LogModuleManager: Shutting down and abandoning module ProjectLauncher (504)
[2021.04.28-06.29.29:143][430]LogModuleManager: Shutting down and abandoning module SessionFrontend (502)
[2021.04.28-06.29.29:143][430]LogModuleManager: Shutting down and abandoning module ProfilerClient (500)
[2021.04.28-06.29.29:152][430]LogModuleManager: Shutting down and abandoning module DeviceManager (498)
[2021.04.28-06.29.29:152][430]LogModuleManager: Shutting down and abandoning module TargetDeviceServices (497)
[2021.04.28-06.29.29:190][430]LogModuleManager: Shutting down and abandoning module AutomationController (494)
[2021.04.28-06.29.29:190][430]LogModuleManager: Shutting down and abandoning module AutomationWindow (492)
[2021.04.28-06.29.29:214][430]LogModuleManager: Shutting down and abandoning module Layers (490)
[2021.04.28-06.29.29:215][430]LogModuleManager: Shutting down and abandoning module ComponentVisualizers (488)
[2021.04.28-06.29.29:215][430]LogModuleManager: Shutting down and abandoning module DetailCustomizations (486)
[2021.04.28-06.29.29:215][430]LogModuleManager: Shutting down and abandoning module PackagesDialog (484)
[2021.04.28-06.29.29:215][430]LogModuleManager: Shutting down and abandoning module AnimationBlueprintEditor (482)
[2021.04.28-06.29.29:227][430]LogModuleManager: Shutting down and abandoning module Persona (480)
[2021.04.28-06.29.29:242][430]LogModuleManager: Shutting down and abandoning module AdvancedPreviewScene (479)
[2021.04.28-06.29.29:242][430]LogModuleManager: Shutting down and abandoning module AnimGraph (477)
[2021.04.28-06.29.29:242][430]LogModuleManager: Shutting down and abandoning module Kismet (474)
[2021.04.28-06.29.29:255][430]LogModuleManager: Shutting down and abandoning module KismetWidgets (473)
[2021.04.28-06.29.29:255][430]LogModuleManager: Shutting down and abandoning module GraphEditor (470)
[2021.04.28-06.29.29:271][430]LogModuleManager: Shutting down and abandoning module StructViewer (468)
[2021.04.28-06.29.29:271][430]LogModuleManager: Shutting down and abandoning module ClassViewer (466)
[2021.04.28-06.29.29:271][430]LogModuleManager: Shutting down and abandoning module Toolbox (464)
[2021.04.28-06.29.29:271][430]LogModuleManager: Shutting down and abandoning module DesktopPlatform (463)
[2021.04.28-06.29.29:271][430]LogModuleManager: Shutting down and abandoning module ModuleUI (460)
[2021.04.28-06.29.29:289][430]LogModuleManager: Shutting down and abandoning module MovieSceneTools (458)
[2021.04.28-06.29.29:289][430]LogModuleManager: Shutting down and abandoning module OutputLog (456)
[2021.04.28-06.29.29:289][430]LogModuleManager: Shutting down and abandoning module GammaUI (454)
[2021.04.28-06.29.29:289][430]LogModuleManager: Shutting down and abandoning module Documentation (452)
[2021.04.28-06.29.29:289][430]LogModuleManager: Shutting down and abandoning module LiveCoding (450)
[2021.04.28-06.29.29:289][430]LogModuleManager: Shutting down and abandoning module LevelSequence (448)
[2021.04.28-06.29.29:289][430]LogModuleManager: Shutting down and abandoning module MovieSceneTracks (446)
[2021.04.28-06.29.29:289][430]LogModuleManager: Shutting down and abandoning module MovieScene (444)
[2021.04.28-06.29.29:289][430]LogModuleManager: Shutting down and abandoning module StreamingPauseRendering (442)
[2021.04.28-06.29.29:289][430]LogModuleManager: Shutting down and abandoning module LauncherPlatform (440)
[2021.04.28-06.29.29:289][430]LogModuleManager: Shutting down and abandoning module AnalyticsET (438)
[2021.04.28-06.29.29:289][430]LogModuleManager: Shutting down and abandoning module PortalServices (436)
[2021.04.28-06.29.29:289][430]LogModuleManager: Shutting down and abandoning module PortalRpc (434)
[2021.04.28-06.29.29:289][430]LogModuleManager: Shutting down and abandoning module MessagingRpc (432)
[2021.04.28-06.29.29:289][430]LogModuleManager: Shutting down and abandoning module AIModule (430)
[2021.04.28-06.29.29:289][430]LogModuleManager: Shutting down and abandoning module GameplayDebugger (429)
[2021.04.28-06.29.29:289][430]LogModuleManager: Shutting down and abandoning module AITestSuite (427)
[2021.04.28-06.29.29:289][430]LogModuleManager: Shutting down and abandoning module NavigationSystem (425)
[2021.04.28-06.29.29:289][430]LogModuleManager: Shutting down and abandoning module ImageWriteQueue (422)
[2021.04.28-06.29.29:291][430]LogModuleManager: Shutting down and abandoning module ProfilerService (420)
[2021.04.28-06.29.29:360][430]LogModuleManager: Shutting down and abandoning module TaskGraph (418)
[2021.04.28-06.29.29:361][430]LogModuleManager: Shutting down and abandoning module ScreenshotTools (416)
[2021.04.28-06.29.29:361][430]LogModuleManager: Shutting down and abandoning module SteamVRController (414)
[2021.04.28-06.29.29:361][430]LogModuleManager: Shutting down and abandoning module ProceduralMeshComponentEditor (412)
[2021.04.28-06.29.29:361][430]LogModuleManager: Shutting down and abandoning module ProceduralMeshComponent (410)
[2021.04.28-06.29.29:361][430]LogModuleManager: Shutting down and abandoning module OculusEditor (408)
[2021.04.28-06.29.29:361][430]LogModuleManager: Shutting down and abandoning module OculusInput (406)
[2021.04.28-06.29.29:361][430]LogModuleManager: Shutting down and abandoning module MobilePatchingUtils (404)
[2021.04.28-06.29.29:361][430]LogModuleManager: Shutting down and abandoning module EditableMesh (402)
[2021.04.28-06.29.29:361][430]LogModuleManager: Shutting down and abandoning module CustomMeshComponent (400)
[2021.04.28-06.29.29:361][430]LogModuleManager: Shutting down and abandoning module CableComponent (398)
[2021.04.28-06.29.29:361][430]LogModuleManager: Shutting down and abandoning module AudioCapture (396)
[2021.04.28-06.29.29:361][430]LogModuleManager: Shutting down and abandoning module ArchVisCharacter (394)
[2021.04.28-06.29.29:361][430]LogModuleManager: Shutting down and abandoning module AppleImageUtilsBlueprintSupport (392)
[2021.04.28-06.29.29:361][430]LogModuleManager: Shutting down and abandoning module AppleImageUtils (390)
[2021.04.28-06.29.29:361][430]LogModuleManager: Shutting down and abandoning module AndroidPermission (388)
[2021.04.28-06.29.29:361][430]LogModuleManager: Shutting down and abandoning module NUTUnrealEngine4 (386)
[2021.04.28-06.29.29:361][430]LogModuleManager: Shutting down and abandoning module NetcodeUnitTest (384)
[2021.04.28-06.29.29:361][430]LogModuleManager: Shutting down and abandoning module MediaCompositing (382)
[2021.04.28-06.29.29:361][430]LogModuleManager: Shutting down and abandoning module ImgMedia (380)
[2021.04.28-06.29.29:361][430]LogModuleManager: Shutting down and abandoning module MagicLeapHelperVulkan (378)
[2021.04.28-06.29.29:361][430]LogModuleManager: Shutting down and abandoning module MagicLeapHelperOpenGL (376)
[2021.04.28-06.29.29:361][430]LogModuleManager: Shutting down and abandoning module MagicLeapAudio (374)
[2021.04.28-06.29.29:361][430]LogModuleManager: Shutting down and abandoning module HTML5Networking (372)
[2021.04.28-06.29.29:361][430]LogModuleManager: Shutting down and abandoning module GeometryCacheTracks (370)
[2021.04.28-06.29.29:361][430]LogModuleManager: Shutting down and abandoning module GeometryCacheSequencer (368)
[2021.04.28-06.29.29:361][430]LogModuleManager: Shutting down and abandoning module BackChannel (366)
[2021.04.28-06.29.29:361][430]LogModuleManager: Shutting down and abandoning module AutomationUtilsEditor (364)
[2021.04.28-06.29.29:361][430]LogModuleManager: Shutting down and abandoning module AutomationUtils (362)
[2021.04.28-06.29.29:376][430]LogModuleManager: Shutting down and abandoning module AlembicImporter (360)
[2021.04.28-06.29.29:376][430]LogModuleManager: Shutting down and abandoning module AlembicLibrary (359)
[2021.04.28-06.29.29:376][430]LogModuleManager: Shutting down and abandoning module GeometryCache (358)
[2021.04.28-06.29.29:376][430]LogModuleManager: Shutting down and abandoning module GeometryCacheEd (357)
[2021.04.28-06.29.29:376][430]LogModuleManager: Shutting down and abandoning module VariantManagerContent (352)
[2021.04.28-06.29.29:376][430]LogModuleManager: Shutting down and abandoning module DatasmithContentEditor (350)
[2021.04.28-06.29.29:376][430]LogModuleManager: Shutting down and abandoning module SpeedTreeImporter (348)
[2021.04.28-06.29.29:376][430]LogModuleManager: Shutting down and abandoning module PluginBrowser (346)
[2021.04.28-06.29.29:376][430]LogModuleManager: Shutting down and abandoning module MobileLauncherProfileWizard (344)
[2021.04.28-06.29.29:376][430]LogModuleManager: Shutting down and abandoning module MaterialAnalyzer (342)
[2021.04.28-06.29.29:376][430]LogModuleManager: Shutting down and abandoning module CurveEditorTools (340)
[2021.04.28-06.29.29:376][430]LogModuleManager: Shutting down and abandoning module CurveEditor (339)
[2021.04.28-06.29.29:377][430]LogModuleManager: Shutting down and abandoning module CryptoKeysOpenSSL (336)
[2021.04.28-06.29.29:377][430]LogModuleManager: Shutting down and abandoning module CryptoKeys (334)
[2021.04.28-06.29.29:377][430]LogModuleManager: Shutting down and abandoning module VisualStudioSourceCodeAccess (332)
[2021.04.28-06.29.29:377][430]LogModuleManager: Shutting down and abandoning module VisualStudioCodeSourceCodeAccess (330)
[2021.04.28-06.29.29:377][430]LogModuleManager: Shutting down and abandoning module UObjectPlugin (328)
[2021.04.28-06.29.29:377][430]LogModuleManager: Shutting down and abandoning module SubversionSourceControl (326)
[2021.04.28-06.29.29:377][430]LogModuleManager: Shutting down and abandoning module PerforceSourceControl (324)
[2021.04.28-06.29.29:396][430]LogModuleManager: Shutting down and abandoning module GitSourceControl (322)
[2021.04.28-06.29.29:396][430]LogModuleManager: Shutting down and abandoning module SourceControl (321)
[2021.04.28-06.29.29:403][430]LogModuleManager: Shutting down and abandoning module CLionSourceCodeAccess (318)
[2021.04.28-06.29.29:403][430]LogModuleManager: Shutting down and abandoning module AnimationSharingEd (316)
[2021.04.28-06.29.29:403][430]LogModuleManager: Shutting down and abandoning module ActorLayerUtilitiesEditor (314)
[2021.04.28-06.29.29:403][430]LogModuleManager: Shutting down and abandoning module ActorLayerUtilities (312)
[2021.04.28-06.29.29:403][430]LogModuleManager: Shutting down and abandoning module LightPropagationVolumeEditor (310)
[2021.04.28-06.29.29:403][430]LogModuleManager: Shutting down and abandoning module PaperTiledImporter (308)
[2021.04.28-06.29.29:403][430]LogModuleManager: Shutting down and abandoning module PaperSpriteSheetImporter (306)
[2021.04.28-06.29.29:403][430]LogModuleManager: Shutting down and abandoning module Paper2DEditor (304)
[2021.04.28-06.29.29:404][430]LogModuleManager: Shutting down and abandoning module My3 (302)
[2021.04.28-06.29.29:404][430]LogModuleManager: Shutting down and abandoning module SignificanceManager (300)
[2021.04.28-06.29.29:404][430]LogModuleManager: Shutting down and abandoning module RuntimePhysXCooking (298)
[2021.04.28-06.29.29:404][430]LogModuleManager: Shutting down and abandoning module PhysXVehiclesEditor (296)
[2021.04.28-06.29.29:404][430]LogModuleManager: Shutting down and abandoning module LocationServicesBPLibrary (292)
[2021.04.28-06.29.29:404][430]LogModuleManager: Shutting down and abandoning module ActorSequence (290)
[2021.04.28-06.29.29:404][430]LogModuleManager: Shutting down and abandoning module UdpMessaging (288)
[2021.04.28-06.29.29:504][430]LogModuleManager: Shutting down and abandoning module TcpMessaging (286)
[2021.04.28-06.29.29:604][430]LogModuleManager: Shutting down and abandoning module MagicLeapIdentity (284)
[2021.04.28-06.29.29:604][430]LogModuleManager: Shutting down and abandoning module MagicLeapSecureStorage (282)
[2021.04.28-06.29.29:604][430]LogModuleManager: Shutting down and abandoning module MagicLeapHandTracking (280)
[2021.04.28-06.29.29:604][430]LogModuleManager: Shutting down and abandoning module MagicLeapEyeTracker (278)
[2021.04.28-06.29.29:604][430]LogModuleManager: Shutting down and abandoning module MagicLeapController (276)
[2021.04.28-06.29.29:604][430]LogSlate: Slate User Destroyed.  User Index 0, Is Virtual User: 0
[2021.04.28-06.29.29:604][430]LogModuleManager: Shutting down and abandoning module MagicLeapAR (274)
[2021.04.28-06.29.29:604][430]LogModuleManager: Shutting down and abandoning module AugmentedReality (273)
[2021.04.28-06.29.29:604][430]LogModuleManager: Shutting down and abandoning module GameplayTagsEditor (270)
[2021.04.28-06.29.29:604][430]LogModuleManager: Shutting down and abandoning module FacialAnimationEditor (268)
[2021.04.28-06.29.29:604][430]LogModuleManager: Shutting down and abandoning module FacialAnimation (266)
[2021.04.28-06.29.29:604][430]LogModuleManager: Shutting down and abandoning module DataValidation (264)
[2021.04.28-06.29.29:604][430]LogModuleManager: Shutting down and abandoning module AssetManagerEditor (262)
[2021.04.28-06.29.29:611][430]LogModuleManager: Shutting down and abandoning module LevelEditor (261)
[2021.04.28-06.29.29:627][430]LogModuleManager: Shutting down and abandoning module PixelInspectorModule (260)
[2021.04.28-06.29.29:627][430]LogModuleManager: Shutting down and abandoning module CommonMenuExtensions (258)
[2021.04.28-06.29.29:627][430]LogModuleManager: Shutting down and abandoning module MainFrame (256)
[2021.04.28-06.29.29:627][430]LogModuleManager: Shutting down and abandoning module HotReload (255)
[2021.04.28-06.29.29:627][430]LogModuleManager: Shutting down and abandoning module ContentBrowser (251)
[2021.04.28-06.29.29:628][430]LogModuleManager: Shutting down and abandoning module TreeMap (249)
[2021.04.28-06.29.29:628][430]LogModuleManager: Shutting down and abandoning module AnimationSharing (246)
[2021.04.28-06.29.29:628][430]LogModuleManager: Shutting down and abandoning module LightPropagationVolumeRuntime (244)
[2021.04.28-06.29.29:628][430]LogModuleManager: Shutting down and abandoning module Paper2D (242)
[2021.04.28-06.29.29:628][430]LogModuleManager: Shutting down and abandoning module WindowsMoviePlayer (240)
[2021.04.28-06.29.29:631][430]LogModuleManager: Shutting down and abandoning module WebMMoviePlayer (238)
[2021.04.28-06.29.29:631][430]LogModuleManager: Shutting down and abandoning module NetworkReplayStreaming (236)
[2021.04.28-06.29.29:631][430]LogModuleManager: Shutting down and abandoning module PacketHandler (234)
[2021.04.28-06.29.29:631][430]LogModuleManager: Shutting down and abandoning module ClothingSystemEditor (232)
[2021.04.28-06.29.29:631][430]LogModuleManager: Shutting down and abandoning module ClothingSystemRuntime (230)
[2021.04.28-06.29.29:659][430]LogModuleManager: Shutting down and abandoning module MediaAssets (228)
[2021.04.28-06.29.29:659][430]LogModuleManager: Shutting down and abandoning module Overlay (226)
[2021.04.28-06.29.29:659][430]LogModuleManager: Shutting down and abandoning module OverlayEditor (225)
[2021.04.28-06.29.29:659][430]LogModuleManager: Shutting down and abandoning module VREditor (222)
[2021.04.28-06.29.29:659][430]LogModuleManager: Shutting down and abandoning module StringTableEditor (220)
[2021.04.28-06.29.29:671][430]LogModuleManager: Shutting down and abandoning module GameplayTasksEditor (218)
[2021.04.28-06.29.29:671][430]LogModuleManager: Shutting down and abandoning module BehaviorTreeEditor (216)
[2021.04.28-06.29.29:686][430]LogModuleManager: Shutting down and abandoning module FunctionalTesting (214)
[2021.04.28-06.29.29:686][430]LogModuleManager: Shutting down and abandoning module CollisionAnalyzer (212)
[2021.04.28-06.29.29:686][430]LogModuleManager: Shutting down and abandoning module WorkspaceMenuStructure (211)
[2021.04.28-06.29.29:686][430]LogModuleManager: Shutting down and abandoning module UMG (208)
[2021.04.28-06.29.29:694][430]LogModuleManager: Shutting down and abandoning module UMGEditor (207)
[2021.04.28-06.29.29:694][430]LogModuleManager: Shutting down and abandoning module Sequencer (206)
[2021.04.28-06.29.29:694][430]LogModuleManager: Shutting down and abandoning module MessageLog (203)
[2021.04.28-06.29.29:694][430]LogModuleManager: Shutting down and abandoning module SlateReflector (198)
[2021.04.28-06.29.29:706][430]LogModuleManager: Shutting down and abandoning module Slate (196)
[2021.04.28-06.29.29:706][430]LogModuleManager: Shutting down and abandoning module LandscapeEditorUtilities (194)
[2021.04.28-06.29.29:706][430]LogModuleManager: Shutting down and abandoning module EditorStyle (192)
[2021.04.28-06.29.29:707][430]LogModuleManager: Shutting down and abandoning module UnrealEd (190)
[2021.04.28-06.29.29:707][430]LogModuleManager: Shutting down and abandoning module MRMesh (188)
[2021.04.28-06.29.29:707][430]LogModuleManager: Shutting down and abandoning module SourceCodeAccess (186)
[2021.04.28-06.29.29:707][430]LogModuleManager: Shutting down and abandoning module HeadMountedDisplay (184)
[2021.04.28-06.29.29:707][430]LogModuleManager: Shutting down and abandoning module XAudio2 (182)
[2021.04.28-06.29.29:707][430]LogModuleManager: Shutting down and abandoning module Networking (180)
[2021.04.28-06.29.29:707][430]LogModuleManager: Shutting down and abandoning module Core (178)
[2021.04.28-06.29.29:707][430]LogModuleManager: Shutting down and abandoning module KismetCompiler (176)
[2021.04.28-06.29.29:707][430]LogModuleManager: Shutting down and abandoning module MeshUtilities (174)
[2021.04.28-06.29.29:707][430]LogModuleManager: Shutting down and abandoning module MeshMergeUtilities (173)
[2021.04.28-06.29.29:707][430]LogModuleManager: Shutting down and abandoning module MeshReductionInterface (172)
[2021.04.28-06.29.29:707][430]LogModuleManager: Shutting down and abandoning module SkeletalMeshReduction (171)
[2021.04.28-06.29.29:724][430]LogModuleManager: Shutting down and abandoning module ProxyLODMeshReduction (169)
[2021.04.28-06.29.29:736][430]LogModuleManager: Shutting down and abandoning module QuadricMeshReduction (167)
[2021.04.28-06.29.29:736][430]LogModuleManager: Shutting down and abandoning module MaterialBaking (163)
[2021.04.28-06.29.29:745][430]LogModuleManager: Shutting down and abandoning module NullInstallBundleManager (158)
[2021.04.28-06.29.29:745][430]LogModuleManager: Shutting down and abandoning module DerivedDataCache (156)
[2021.04.28-06.29.30:069][430]LogDerivedDataCache: Shutdown
[2021.04.28-06.29.30:069][430]LogModuleManager: Shutting down and abandoning module XGEController (154)
[2021.04.28-06.29.30:069][430]LogXGEController: Cleaning working directory: C:/Users/hhj32/AppData/Local/Temp/UnrealXGEWorkingDir/
[2021.04.28-06.29.30:070][430]LogModuleManager: Shutting down and abandoning module TargetPlatform (152)
[2021.04.28-06.29.30:070][430]LogModuleManager: Shutting down and abandoning module VulkanShaderFormat (151)
[2021.04.28-06.29.30:070][430]LogModuleManager: Shutting down and abandoning module ShaderFormatVectorVM (149)
[2021.04.28-06.29.30:070][430]LogModuleManager: Shutting down and abandoning module ShaderFormatOpenGL (147)
[2021.04.28-06.29.30:083][430]LogModuleManager: Shutting down and abandoning module ShaderFormatD3D (145)
[2021.04.28-06.29.30:083][430]LogModuleManager: Shutting down and abandoning module MetalShaderFormat (143)
[2021.04.28-06.29.30:088][430]LogModuleManager: Shutting down and abandoning module TextureFormatUncompressed (141)
[2021.04.28-06.29.30:088][430]LogModuleManager: Shutting down and abandoning module TextureFormatPVR (139)
[2021.04.28-06.29.30:088][430]LogModuleManager: Shutting down and abandoning module TextureFormatDXT (137)
[2021.04.28-06.29.30:089][430]LogModuleManager: Shutting down and abandoning module TextureFormatIntelISPCTexComp (135)
[2021.04.28-06.29.30:089][430]LogModuleManager: Shutting down and abandoning module TextureFormatASTC (133)
[2021.04.28-06.29.30:089][430]LogModuleManager: Shutting down and abandoning module ImageWrapper (132)
[2021.04.28-06.29.30:089][430]LogModuleManager: Shutting down and abandoning module TextureFormatAndroid (129)
[2021.04.28-06.29.30:089][430]LogModuleManager: Shutting down and abandoning module AudioFormatOpus (127)
[2021.04.28-06.29.30:089][430]LogModuleManager: Shutting down and abandoning module AudioFormatOgg (125)
[2021.04.28-06.29.30:089][430]LogModuleManager: Shutting down and abandoning module AudioFormatADPCM (123)
[2021.04.28-06.29.30:089][430]LogModuleManager: Shutting down and abandoning module LuminTargetPlatform (121)
[2021.04.28-06.29.30:089][430]LogModuleManager: Shutting down and abandoning module TVOSTargetPlatform (119)
[2021.04.28-06.29.30:090][430]LogModuleManager: Shutting down and abandoning module Messaging (117)
[2021.04.28-06.29.30:090][430]LogModuleManager: Shutting down and abandoning module IOSTargetPlatform (115)
[2021.04.28-06.29.30:090][430]LogModuleManager: Shutting down and abandoning module HTML5TargetPlatform (113)
[2021.04.28-06.29.30:090][430]LogModuleManager: Shutting down and abandoning module AndroidTargetPlatform (111)
[2021.04.28-06.29.30:094][430]LogModuleManager: Shutting down and abandoning module WindowsTargetPlatform (109)
[2021.04.28-06.29.30:094][430]LogModuleManager: Shutting down and abandoning module WindowsServerTargetPlatform (107)
[2021.04.28-06.29.30:094][430]LogModuleManager: Shutting down and abandoning module WindowsNoEditorTargetPlatform (105)
[2021.04.28-06.29.30:094][430]LogModuleManager: Shutting down and abandoning module WindowsClientTargetPlatform (103)
[2021.04.28-06.29.30:094][430]LogModuleManager: Shutting down and abandoning module MacTargetPlatform (101)
[2021.04.28-06.29.30:094][430]LogModuleManager: Shutting down and abandoning module MacServerTargetPlatform (99)
[2021.04.28-06.29.30:094][430]LogModuleManager: Shutting down and abandoning module MacNoEditorTargetPlatform (97)
[2021.04.28-06.29.30:094][430]LogModuleManager: Shutting down and abandoning module MacClientTargetPlatform (95)
[2021.04.28-06.29.30:094][430]LogModuleManager: Shutting down and abandoning module AllDesktopTargetPlatform (93)
[2021.04.28-06.29.30:094][430]LogModuleManager: Shutting down and abandoning module InputCore (90)
[2021.04.28-06.29.30:094][430]LogModuleManager: Shutting down and abandoning module Settings (88)
[2021.04.28-06.29.30:094][430]LogModuleManager: Shutting down and abandoning module DirectoryWatcher (86)
[2021.04.28-06.29.30:094][430]LogModuleManager: Shutting down and abandoning module PhysXCooking (84)
[2021.04.28-06.29.30:094][430]LogModuleManager: Shutting down and abandoning module WindowsPlatformFeatures (82)
[2021.04.28-06.29.30:094][430]LogModuleManager: Shutting down and abandoning module GameplayMediaEncoder (81)
[2021.04.28-06.29.30:094][430]LogModuleManager: Shutting down and abandoning module SteamVR (78)
[2021.04.28-06.29.30:094][430]LogHMD: Freeing OpenVRDLLHandle.
[2021.04.28-06.29.30:094][430]LogModuleManager: Shutting down and abandoning module OculusHMD (76)
[2021.04.28-06.29.30:094][430]LogModuleManager: Shutting down and abandoning module ExampleDeviceProfileSelector (74)
[2021.04.28-06.29.30:094][430]LogModuleManager: Shutting down and abandoning module LauncherChunkInstaller (72)
[2021.04.28-06.29.30:094][430]LogModuleManager: Shutting down and abandoning module OnlineBlueprintSupport (70)
[2021.04.28-06.29.30:094][430]LogModuleManager: Shutting down and abandoning module OnlineSubsystem (66)
[2021.04.28-06.29.30:118][430]LogModuleManager: Shutting down and abandoning module XMPP (61)
[2021.04.28-06.29.30:133][430]LogModuleManager: Shutting down and abandoning module WebSockets (60)
[2021.04.28-06.29.30:159][430]LogModuleManager: Shutting down and abandoning module HTTP (57)
[2021.04.28-06.29.30:159][430]LogHttp: Display: Http module shutting down, but needs to wait on 1 outstanding Http requests:
[2021.04.28-06.29.30:159][430]LogHttp: Display: 	verb=[POST] url=[https://datarouter.ol.epicgames.com/datarouter/api/v1/public/data?SessionID=%7B11E01508-489E-AB8F-71D9-5DB30773F807%7D&AppID=UEEditor.UnrealEngine.Release&AppVersion=4.23.1-0%2B%2B%2BUE4%2BRelease-4.23&UserID=2ea250e04f17ace44aeb389eab69114a%7C9de2ba2eab3544bbb26953b28a0ce5d5%7Cf305de10-66ce-42af-97b4-df6ddf37688c&AppEnvironment=datacollector-source&UploadType=eteventstream] status=Processing
[2021.04.28-06.29.30:160][430]LogModuleManager: Shutting down and abandoning module SSL (56)
[2021.04.28-06.29.30:161][430]LogModuleManager: Shutting down and abandoning module WmfMedia (52)
[2021.04.28-06.29.30:172][430]LogModuleManager: Shutting down and abandoning module Media (51)
[2021.04.28-06.29.30:172][430]LogModuleManager: Shutting down and abandoning module MagicLeap (48)
[2021.04.28-06.29.30:172][430]LogModuleManager: Shutting down and abandoning module DatasmithContent (46)
[2021.04.28-06.29.30:172][430]LogModuleManager: Shutting down and abandoning module AISupportModule (44)
[2021.04.28-06.29.30:172][430]LogModuleManager: Shutting down and abandoning module PlatformCryptoOpenSSL (42)
[2021.04.28-06.29.30:172][430]LogModuleManager: Shutting down and abandoning module PlatformCrypto (40)
[2021.04.28-06.29.30:172][430]LogModuleManager: Shutting down and abandoning module AnimationModifiers (38)
[2021.04.28-06.29.30:172][430]LogModuleManager: Shutting down and abandoning module PropertyEditor (37)
[2021.04.28-06.29.30:184][430]LogModuleManager: Shutting down and abandoning module AudioEditor (34)
[2021.04.28-06.29.30:184][430]LogModuleManager: Shutting down and abandoning module TextureCompressor (32)
[2021.04.28-06.29.30:184][430]LogModuleManager: Shutting down and abandoning module RenderCore (30)
[2021.04.28-06.29.30:184][430]LogModuleManager: Shutting down and abandoning module Landscape (28)
[2021.04.28-06.29.30:184][430]LogModuleManager: Shutting down and abandoning module SlateRHIRenderer (26)
[2021.04.28-06.29.30:186][430]LogModuleManager: Shutting down and abandoning module OpenGLDrv (24)
[2021.04.28-06.29.30:196][430]LogModuleManager: Shutting down and abandoning module D3D11RHI (22)
[2021.04.28-06.29.30:196][430]LogModuleManager: Shutting down and abandoning module AnimGraphRuntime (20)
[2021.04.28-06.29.30:196][430]LogModuleManager: Shutting down and abandoning module Renderer (18)
[2021.04.28-06.29.30:196][430]LogModuleManager: Shutting down and abandoning module Engine (16)
[2021.04.28-06.29.30:196][430]LogModuleManager: Shutting down and abandoning module CoreUObject (14)
[2021.04.28-06.29.30:196][430]LogModuleManager: Shutting down and abandoning module NetworkFile (12)
[2021.04.28-06.29.30:196][430]LogModuleManager: Shutting down and abandoning module CookedIterativeFile (10)
[2021.04.28-06.29.30:196][430]LogModuleManager: Shutting down and abandoning module StreamingFile (8)
[2021.04.28-06.29.30:196][430]LogModuleManager: Shutting down and abandoning module SandboxFile (6)
[2021.04.28-06.29.30:196][430]LogModuleManager: Shutting down and abandoning module PakFile (4)
[2021.04.28-06.29.30:196][430]LogModuleManager: Shutting down and abandoning module RSA (3)
[2021.04.28-06.29.30:196][430]LogD3D11RHI: Shutdown
[2021.04.28-06.29.30:196][430]LogD3D11RHI: CleanupD3DDevice
[2021.04.28-06.29.30:207][430]LogRendererCore: FGlobalDynamicReadBuffer::Cleanup()
[2021.04.28-06.29.30:207][430]LogRendererCore: FGlobalDynamicReadBuffer::Cleanup()
[2021.04.28-06.29.30:207][430]LogRendererCore: FGlobalDynamicReadBuffer::Cleanup()
[2021.04.28-06.29.30:275][430]LogD3D11RHI: ~FD3D11DynamicRHI
[2021.04.28-06.29.30:283][430]LogExit: Exiting.
[2021.04.28-06.29.30:303][430]Log file closed, 04/28/21 15:29:30
