Log file open, 04/28/21 15:27:05
LogWindows: Failed to load 'aqProf.dll' (GetLastError=126)
LogWindows: File 'aqProf.dll' does not exist
LogWindows: Failed to load 'VtuneApi.dll' (GetLastError=126)
LogWindows: File 'VtuneApi.dll' does not exist
LogWindows: Failed to load 'VtuneApi32e.dll' (GetLastError=126)
LogWindows: File 'VtuneApi32e.dll' does not exist
LogConsoleResponse: Display: Failed to find resolution value strings in scalability ini. Falling back to default.
LogPlatformFile: Not using cached read wrapper
LogTaskGraph: Started task graph with 5 named threads and 35 total threads with 3 sets of task threads.
LogStats: Stats thread started at 0.722417
LogD3D11RHI: Loaded GFSDK_Aftermath_Lib.x64.dll
LogICUInternationalization: ICU TimeZone Detection - Raw Offset: +9:00, Platform Override: ''
LogPluginManager: Mounting plugin Paper2D
LogPluginManager: Mounting plugin AISupport
LogPluginManager: Mounting plugin LightPropagationVolume
LogPluginManager: Mounting plugin ActorLayerUtilities
LogPluginManager: Mounting plugin AnimationSharing
LogPluginManager: Mounting plugin CLionSourceCodeAccess
LogPluginManager: Mounting plugin CodeLiteSourceCodeAccess
LogPluginManager: Mounting plugin GitSourceControl
LogPluginManager: Mounting plugin KDevelopSourceCodeAccess
LogPluginManager: Mounting plugin NullSourceCodeAccess
LogPluginManager: Mounting plugin PerforceSourceControl
LogPluginManager: Mounting plugin SubversionSourceControl
LogPluginManager: Mounting plugin UObjectPlugin
LogPluginManager: Mounting plugin VisualStudioCodeSourceCodeAccess
LogPluginManager: Mounting plugin VisualStudioSourceCodeAccess
LogPluginManager: Mounting plugin XCodeSourceCodeAccess
LogPluginManager: Mounting plugin AssetManagerEditor
LogPluginManager: Mounting plugin CryptoKeys
LogPluginManager: Mounting plugin CurveEditorTools
LogPluginManager: Mounting plugin DataValidation
LogPluginManager: Mounting plugin FacialAnimation
LogPluginManager: Mounting plugin GameplayTagsEditor
LogPluginManager: Mounting plugin MacGraphicsSwitching
LogPluginManager: Mounting plugin MaterialAnalyzer
LogPluginManager: Mounting plugin MobileLauncherProfileWizard
LogPluginManager: Mounting plugin PluginBrowser
LogPluginManager: Mounting plugin SpeedTreeImporter
LogPluginManager: Mounting plugin DatasmithContent
LogPluginManager: Mounting plugin VariantManagerContent
LogPluginManager: Mounting plugin AlembicImporter
LogPluginManager: Mounting plugin AutomationUtils
LogPluginManager: Mounting plugin BackChannel
LogPluginManager: Mounting plugin CharacterAI
LogPluginManager: Mounting plugin GeometryCache
LogPluginManager: Mounting plugin HTML5Networking
LogPluginManager: Mounting plugin PlatformCrypto
LogPluginManager: Mounting plugin ProxyLODPlugin
LogPluginManager: Mounting plugin SkeletalReduction
LogPluginManager: Mounting plugin AndroidMedia
LogPluginManager: Mounting plugin AvfMedia
LogPluginManager: Mounting plugin ImgMedia
LogPluginManager: Mounting plugin MediaCompositing
LogPluginManager: Mounting plugin MediaPlayerEditor
LogPluginManager: Mounting plugin WebMMedia
LogPluginManager: Mounting plugin WmfMedia
LogPluginManager: Mounting plugin TcpMessaging
LogPluginManager: Mounting plugin UdpMessaging
LogPluginManager: Mounting plugin ActorSequence
LogPluginManager: Mounting plugin LevelSequenceEditor
LogPluginManager: Mounting plugin MatineeToLevelSequence
LogPluginManager: Mounting plugin NetcodeUnitTest
LogPluginManager: Mounting plugin NUTUnrealEngine4
LogPluginManager: Mounting plugin OnlineSubsystem
LogPluginManager: Mounting plugin OnlineSubsystemNull
LogPluginManager: Mounting plugin OnlineSubsystemUtils
LogPluginManager: Mounting plugin LauncherChunkInstaller
LogPluginManager: Mounting plugin AndroidDeviceProfileSelector
LogPluginManager: Mounting plugin AndroidMoviePlayer
LogPluginManager: Mounting plugin AndroidPermission
LogPluginManager: Mounting plugin AppleImageUtils
LogPluginManager: Mounting plugin AppleMoviePlayer
LogPluginManager: Mounting plugin ArchVisCharacter
LogPluginManager: Mounting plugin AudioCapture
LogPluginManager: Mounting plugin CableComponent
LogPluginManager: Mounting plugin CustomMeshComponent
LogPluginManager: Mounting plugin EditableMesh
LogPluginManager: Mounting plugin ExampleDeviceProfileSelector
LogPluginManager: Mounting plugin GoogleCloudMessaging
LogPluginManager: Mounting plugin IOSDeviceProfileSelector
LogPluginManager: Mounting plugin LinuxDeviceProfileSelector
LogPluginManager: Mounting plugin LocationServicesBPLibrary
LogPluginManager: Mounting plugin MobilePatchingUtils
LogPluginManager: Mounting plugin OculusVR
LogPluginManager: Mounting plugin PhysXVehicles
LogPluginManager: Mounting plugin ProceduralMeshComponent
LogPluginManager: Mounting plugin RuntimePhysXCooking
LogPluginManager: Mounting plugin SignificanceManager
LogPluginManager: Mounting plugin SteamVR
LogPluginManager: Mounting plugin WebMMoviePlayer
LogPluginManager: Mounting plugin WindowsMoviePlayer
LogPluginManager: Mounting plugin ScreenshotTools
LogInit: Using libcurl 7.55.1-DEV
LogInit:  - built for x86_64-pc-win32
LogInit:  - supports SSL with OpenSSL/1.1.1
LogInit:  - supports HTTP deflate (compression) using libz 1.2.8
LogInit:  - other features:
LogInit:      CURL_VERSION_SSL
LogInit:      CURL_VERSION_LIBZ
LogInit:      CURL_VERSION_IPV6
LogInit:      CURL_VERSION_ASYNCHDNS
LogInit:      CURL_VERSION_LARGEFILE
LogInit:      CURL_VERSION_IDN
LogInit:  CurlRequestOptions (configurable via config and command line):
LogInit:  - bVerifyPeer = true  - Libcurl will verify peer certificate
LogInit:  - bUseHttpProxy = false  - Libcurl will NOT use HTTP proxy
LogInit:  - bDontReuseConnections = false  - Libcurl will reuse connections
LogInit:  - MaxHostConnections = 16  - Libcurl will limit the number of connections to a host
LogInit:  - LocalHostAddr = Default
LogInit:  - BufferSize = 65536
LogOnline: OSS: Creating online subsystem instance for: NULL
LogInit: WinSock: version 1.1 (2.2), MaxSocks=32767, MaxUdp=65467
LogInit: Build: ++UE4+Release-4.23-CL-0
LogInit: Engine Version: 4.23.1-0+++UE4+Release-4.23
LogInit: Compatible Engine Version: 4.23.0-0+++UE4+Release-4.23
LogInit: Net CL: 0
LogInit: OS: Windows 10 (Release 2009) (), CPU: AMD Ryzen 5 3600 6-Core Processor              , GPU: Microsoft Remote Display Adapter
LogInit: Compiled (64-bit): Dec 16 2020 08:34:30
LogInit: Compiled with Visual C++: 19.16.27044.00
LogInit: Build Configuration: Development
LogInit: Branch Name: ++UE4+Release-4.23
LogInit: Command Line: 
LogInit: Base Directory: D:/자료모음/2020_2nd/Game_Pro/GamePrograming_Project/UE4-MultiMazeRunner/Project_MultiMazeRunner/Binaries/Win64/
LogInit: Installed Engine Build: 0
LogDevObjectVersion: Number of dev versions registered: 23
LogDevObjectVersion:   Dev-Blueprints (B0D832E4-1F89-4F0D-ACCF-7EB736FD4AA2): 10
LogDevObjectVersion:   Dev-Build (E1C64328-A22C-4D53-A36C-8E866417BD8C): 0
LogDevObjectVersion:   Dev-Core (375EC13C-06E4-48FB-B500-84F0262A717E): 3
LogDevObjectVersion:   Dev-Editor (E4B068ED-F494-42E9-A231-DA0B2E46BB41): 34
LogDevObjectVersion:   Dev-Framework (CFFC743F-43B0-4480-9391-14DF171D2073): 35
LogDevObjectVersion:   Dev-Mobile (B02B49B5-BB20-44E9-A304-32B752E40360): 2
LogDevObjectVersion:   Dev-Networking (A4E4105C-59A1-49B5-A7C5-40C4547EDFEE): 0
LogDevObjectVersion:   Dev-Online (39C831C9-5AE6-47DC-9A44-9C173E1C8E7C): 0
LogDevObjectVersion:   Dev-Physics (78F01B33-EBEA-4F98-B9B4-84EACCB95AA2): 0
LogDevObjectVersion:   Dev-Platform (6631380F-2D4D-43E0-8009-CF276956A95A): 0
LogDevObjectVersion:   Dev-Rendering (12F88B9F-8875-4AFC-A67C-D90C383ABD29): 31
LogDevObjectVersion:   Dev-Sequencer (7B5AE74C-D270-4C10-A958-57980B212A5A): 11
LogDevObjectVersion:   Dev-VR (D7296918-1DD6-4BDD-9DE2-64A83CC13884): 2
LogDevObjectVersion:   Dev-LoadTimes (C2A15278-BFE7-4AFE-6C17-90FF531DF755): 1
LogDevObjectVersion:   Private-Geometry (6EACA3D4-40EC-4CC1-B786-8BED09428FC5): 3
LogDevObjectVersion:   Dev-AnimPhys (29E575DD-E0A3-4627-9D10-D276232CDCEA): 17
LogDevObjectVersion:   Dev-Anim (AF43A65D-7FD3-4947-9873-3E8ED9C1BB05): 2
LogDevObjectVersion:   Dev-ReflectionCapture (6B266CEC-1EC7-4B8F-A30B-E4D90942FC07): 1
LogDevObjectVersion:   Dev-Automation (0DF73D61-A23F-47EA-B727-89E90C41499A): 1
LogDevObjectVersion:   FortniteMain (601D1886-AC64-4F84-AA16-D3DE0DEAC7D6): 27
LogDevObjectVersion:   Dev-Enterprise (9DFFBCD6-494F-0158-E221-12823C92A888): 6
LogDevObjectVersion:   Dev-Niagara (F2AED0AC-9AFE-416F-8664-AA7FFA26D6FC): 1
LogDevObjectVersion:   Dev-Destruction (174F1F0B-B4C6-45A5-B13F-2EE8D0FB917D): 9
LogInit: Presizing for max 2097152 objects, including 1 objects not considered by GC, pre-allocating 0 bytes for permanent pool.
LogStreaming: Display: Async Loading initialized: Event Driven Loader: true, Async Loading Thread: false, Async Post Load: true
LogInit: Object subsystem initialized
LogConfig: Setting CVar [[con.DebugEarlyDefault:1]]
LogConfig: Setting CVar [[r.setres:1280x720]]
[2021.04.28-06.27.05:792][  0]LogConfig: Setting CVar [[con.DebugEarlyDefault:1]]
[2021.04.28-06.27.05:792][  0]LogConfig: Setting CVar [[r.setres:1280x720]]
[2021.04.28-06.27.05:794][  0]LogConfig: Applying CVar settings from Section [/Script/Engine.RendererSettings] File [D:/자료모음/2020_2nd/Game_Pro/GamePrograming_Project/UE4-MultiMazeRunner/Project_MultiMazeRunner/Saved/Config/WindowsNoEditor/Engine.ini]
[2021.04.28-06.27.05:794][  0]LogConfig: Setting CVar [[r.GPUCrashDebugging:0]]
[2021.04.28-06.27.05:794][  0]LogConfig: Applying CVar settings from Section [/Script/Engine.RendererOverrideSettings] File [D:/자료모음/2020_2nd/Game_Pro/GamePrograming_Project/UE4-MultiMazeRunner/Project_MultiMazeRunner/Saved/Config/WindowsNoEditor/Engine.ini]
[2021.04.28-06.27.05:794][  0]LogConfig: Applying CVar settings from Section [/Script/Engine.StreamingSettings] File [D:/자료모음/2020_2nd/Game_Pro/GamePrograming_Project/UE4-MultiMazeRunner/Project_MultiMazeRunner/Saved/Config/WindowsNoEditor/Engine.ini]
[2021.04.28-06.27.05:794][  0]LogConfig: Setting CVar [[s.MinBulkDataSizeForAsyncLoading:131072]]
[2021.04.28-06.27.05:794][  0]LogConfig: Setting CVar [[s.AsyncLoadingThreadEnabled:0]]
[2021.04.28-06.27.05:794][  0]LogConfig: Setting CVar [[s.EventDrivenLoaderEnabled:1]]
[2021.04.28-06.27.05:794][  0]LogConfig: Setting CVar [[s.WarnIfTimeLimitExceeded:0]]
[2021.04.28-06.27.05:794][  0]LogConfig: Setting CVar [[s.TimeLimitExceededMultiplier:1.5]]
[2021.04.28-06.27.05:794][  0]LogConfig: Setting CVar [[s.TimeLimitExceededMinTime:0.005]]
[2021.04.28-06.27.05:794][  0]LogConfig: Setting CVar [[s.UseBackgroundLevelStreaming:1]]
[2021.04.28-06.27.05:794][  0]LogConfig: Setting CVar [[s.PriorityAsyncLoadingExtraTime:15.0]]
[2021.04.28-06.27.05:794][  0]LogConfig: Setting CVar [[s.LevelStreamingActorsUpdateTimeLimit:5.0]]
[2021.04.28-06.27.05:794][  0]LogConfig: Setting CVar [[s.PriorityLevelStreamingActorsUpdateExtraTime:5.0]]
[2021.04.28-06.27.05:794][  0]LogConfig: Setting CVar [[s.LevelStreamingComponentsRegistrationGranularity:10]]
[2021.04.28-06.27.05:794][  0]LogConfig: Setting CVar [[s.UnregisterComponentsTimeLimit:1.0]]
[2021.04.28-06.27.05:794][  0]LogConfig: Setting CVar [[s.LevelStreamingComponentsUnregistrationGranularity:5]]
[2021.04.28-06.27.05:794][  0]LogConfig: Applying CVar settings from Section [/Script/Engine.GarbageCollectionSettings] File [D:/자료모음/2020_2nd/Game_Pro/GamePrograming_Project/UE4-MultiMazeRunner/Project_MultiMazeRunner/Saved/Config/WindowsNoEditor/Engine.ini]
[2021.04.28-06.27.05:794][  0]LogConfig: Setting CVar [[gc.MaxObjectsNotConsideredByGC:1]]
[2021.04.28-06.27.05:794][  0]LogConfig: Setting CVar [[gc.SizeOfPermanentObjectPool:0]]
[2021.04.28-06.27.05:794][  0]LogConfig: Setting CVar [[gc.FlushStreamingOnGC:0]]
[2021.04.28-06.27.05:794][  0]LogConfig: Setting CVar [[gc.NumRetriesBeforeForcingGC:10]]
[2021.04.28-06.27.05:794][  0]LogConfig: Setting CVar [[gc.AllowParallelGC:1]]
[2021.04.28-06.27.05:794][  0]LogConfig: Setting CVar [[gc.TimeBetweenPurgingPendingKillObjects:61.1]]
[2021.04.28-06.27.05:794][  0]LogConfig: Setting CVar [[gc.MaxObjectsInEditor:16777216]]
[2021.04.28-06.27.05:794][  0]LogConfig: Setting CVar [[gc.IncrementalBeginDestroyEnabled:1]]
[2021.04.28-06.27.05:794][  0]LogConfig: Setting CVar [[gc.CreateGCClusters:1]]
[2021.04.28-06.27.05:794][  0]LogConfig: Setting CVar [[gc.MinGCClusterSize:5]]
[2021.04.28-06.27.05:794][  0]LogConfig: Setting CVar [[gc.ActorClusteringEnabled:0]]
[2021.04.28-06.27.05:794][  0]LogConfig: Setting CVar [[gc.BlueprintClusteringEnabled:0]]
[2021.04.28-06.27.05:794][  0]LogConfig: Setting CVar [[gc.UseDisregardForGCOnDedicatedServers:0]]
[2021.04.28-06.27.05:794][  0]LogConfig: Applying CVar settings from Section [/Script/Engine.NetworkSettings] File [D:/자료모음/2020_2nd/Game_Pro/GamePrograming_Project/UE4-MultiMazeRunner/Project_MultiMazeRunner/Saved/Config/WindowsNoEditor/Engine.ini]
[2021.04.28-06.27.05:812][  0]LogConfig: Applying CVar settings from Section [ViewDistanceQuality@3] File [D:/자료모음/2020_2nd/Game_Pro/GamePrograming_Project/UE4-MultiMazeRunner/Project_MultiMazeRunner/Saved/Config/WindowsNoEditor/Scalability.ini]
[2021.04.28-06.27.05:812][  0]LogConfig: Setting CVar [[r.SkeletalMeshLODBias:0]]
[2021.04.28-06.27.05:812][  0]LogConfig: Setting CVar [[r.ViewDistanceScale:1.0]]
[2021.04.28-06.27.05:812][  0]LogConfig: Applying CVar settings from Section [AntiAliasingQuality@3] File [D:/자료모음/2020_2nd/Game_Pro/GamePrograming_Project/UE4-MultiMazeRunner/Project_MultiMazeRunner/Saved/Config/WindowsNoEditor/Scalability.ini]
[2021.04.28-06.27.05:812][  0]LogConfig: Setting CVar [[r.PostProcessAAQuality:4]]
[2021.04.28-06.27.05:812][  0]LogConfig: Applying CVar settings from Section [ShadowQuality@3] File [D:/자료모음/2020_2nd/Game_Pro/GamePrograming_Project/UE4-MultiMazeRunner/Project_MultiMazeRunner/Saved/Config/WindowsNoEditor/Scalability.ini]
[2021.04.28-06.27.05:812][  0]LogConfig: Setting CVar [[r.LightFunctionQuality:1]]
[2021.04.28-06.27.05:812][  0]LogConfig: Setting CVar [[r.ShadowQuality:5]]
[2021.04.28-06.27.05:812][  0]LogConfig: Setting CVar [[r.Shadow.CSM.MaxCascades:10]]
[2021.04.28-06.27.05:812][  0]LogConfig: Setting CVar [[r.Shadow.MaxResolution:2048]]
[2021.04.28-06.27.05:812][  0]LogConfig: Setting CVar [[r.Shadow.MaxCSMResolution:2048]]
[2021.04.28-06.27.05:812][  0]LogConfig: Setting CVar [[r.Shadow.RadiusThreshold:0.01]]
[2021.04.28-06.27.05:812][  0]LogConfig: Setting CVar [[r.Shadow.DistanceScale:1.0]]
[2021.04.28-06.27.05:812][  0]LogConfig: Setting CVar [[r.Shadow.CSM.TransitionScale:1.0]]
[2021.04.28-06.27.05:812][  0]LogConfig: Setting CVar [[r.Shadow.PreShadowResolutionFactor:1.0]]
[2021.04.28-06.27.05:812][  0]LogConfig: Setting CVar [[r.DistanceFieldShadowing:1]]
[2021.04.28-06.27.05:812][  0]LogConfig: Setting CVar [[r.DistanceFieldAO:1]]
[2021.04.28-06.27.05:812][  0]LogConfig: Setting CVar [[r.AOQuality:2]]
[2021.04.28-06.27.05:812][  0]LogConfig: Setting CVar [[r.VolumetricFog:1]]
[2021.04.28-06.27.05:812][  0]LogConfig: Setting CVar [[r.VolumetricFog.GridPixelSize:8]]
[2021.04.28-06.27.05:812][  0]LogConfig: Setting CVar [[r.VolumetricFog.GridSizeZ:128]]
[2021.04.28-06.27.05:812][  0]LogConfig: Setting CVar [[r.VolumetricFog.HistoryMissSupersampleCount:4]]
[2021.04.28-06.27.05:812][  0]LogConfig: Setting CVar [[r.LightMaxDrawDistanceScale:1]]
[2021.04.28-06.27.05:812][  0]LogConfig: Setting CVar [[r.CapsuleShadows:1]]
[2021.04.28-06.27.05:812][  0]LogConfig: Applying CVar settings from Section [PostProcessQuality@3] File [D:/자료모음/2020_2nd/Game_Pro/GamePrograming_Project/UE4-MultiMazeRunner/Project_MultiMazeRunner/Saved/Config/WindowsNoEditor/Scalability.ini]
[2021.04.28-06.27.05:812][  0]LogConfig: Setting CVar [[r.MotionBlurQuality:4]]
[2021.04.28-06.27.05:812][  0]LogConfig: Setting CVar [[r.AmbientOcclusionMipLevelFactor:0.4]]
[2021.04.28-06.27.05:812][  0]LogConfig: Setting CVar [[r.AmbientOcclusionMaxQuality:100]]
[2021.04.28-06.27.05:812][  0]LogConfig: Setting CVar [[r.AmbientOcclusionLevels:-1]]
[2021.04.28-06.27.05:812][  0]LogConfig: Setting CVar [[r.AmbientOcclusionRadiusScale:1.0]]
[2021.04.28-06.27.05:812][  0]LogConfig: Setting CVar [[r.DepthOfFieldQuality:2]]
[2021.04.28-06.27.05:812][  0]LogConfig: Setting CVar [[r.RenderTargetPoolMin:400]]
[2021.04.28-06.27.05:812][  0]LogConfig: Setting CVar [[r.LensFlareQuality:2]]
[2021.04.28-06.27.05:812][  0]LogConfig: Setting CVar [[r.SceneColorFringeQuality:1]]
[2021.04.28-06.27.05:812][  0]LogConfig: Setting CVar [[r.EyeAdaptationQuality:2]]
[2021.04.28-06.27.05:812][  0]LogConfig: Setting CVar [[r.BloomQuality:5]]
[2021.04.28-06.27.05:812][  0]LogConfig: Setting CVar [[r.FastBlurThreshold:100]]
[2021.04.28-06.27.05:812][  0]LogConfig: Setting CVar [[r.Upscale.Quality:3]]
[2021.04.28-06.27.05:812][  0]LogConfig: Setting CVar [[r.Tonemapper.GrainQuantization:1]]
[2021.04.28-06.27.05:812][  0]LogConfig: Setting CVar [[r.LightShaftQuality:1]]
[2021.04.28-06.27.05:812][  0]LogConfig: Setting CVar [[r.Filter.SizeScale:1]]
[2021.04.28-06.27.05:812][  0]LogConfig: Setting CVar [[r.Tonemapper.Quality:5]]
[2021.04.28-06.27.05:812][  0]LogConfig: Setting CVar [[r.DOF.Gather.AccumulatorQuality:1        ; higher gathering accumulator quality]]
[2021.04.28-06.27.05:812][  0]LogConfig: Setting CVar [[r.DOF.Gather.PostfilterMethod:1          ; Median3x3 postfilering method]]
[2021.04.28-06.27.05:812][  0]LogConfig: Setting CVar [[r.DOF.Gather.EnableBokehSettings:0       ; no bokeh simulation when gathering]]
[2021.04.28-06.27.05:812][  0]LogConfig: Setting CVar [[r.DOF.Gather.RingCount:4                 ; medium number of samples when gathering]]
[2021.04.28-06.27.05:812][  0]LogConfig: Setting CVar [[r.DOF.Scatter.ForegroundCompositing:1    ; additive foreground scattering]]
[2021.04.28-06.27.05:812][  0]LogConfig: Setting CVar [[r.DOF.Scatter.BackgroundCompositing:2    ; additive background scattering]]
[2021.04.28-06.27.05:812][  0]LogConfig: Setting CVar [[r.DOF.Scatter.EnableBokehSettings:1      ; bokeh simulation when scattering]]
[2021.04.28-06.27.05:812][  0]LogConfig: Setting CVar [[r.DOF.Scatter.MaxSpriteRatio:0.1         ; only a maximum of 10% of scattered bokeh]]
[2021.04.28-06.27.05:812][  0]LogConfig: Setting CVar [[r.DOF.Recombine.Quality:1                ; cheap slight out of focus]]
[2021.04.28-06.27.05:812][  0]LogConfig: Setting CVar [[r.DOF.Recombine.EnableBokehSettings:0    ; no bokeh simulation on slight out of focus]]
[2021.04.28-06.27.05:812][  0]LogConfig: Setting CVar [[r.DOF.TemporalAAQuality:1                ; more stable temporal accumulation]]
[2021.04.28-06.27.05:812][  0]LogConfig: Setting CVar [[r.DOF.Kernel.MaxForegroundRadius:0.025]]
[2021.04.28-06.27.05:812][  0]LogConfig: Setting CVar [[r.DOF.Kernel.MaxBackgroundRadius:0.025]]
[2021.04.28-06.27.05:812][  0]LogConfig: Applying CVar settings from Section [TextureQuality@3] File [D:/자료모음/2020_2nd/Game_Pro/GamePrograming_Project/UE4-MultiMazeRunner/Project_MultiMazeRunner/Saved/Config/WindowsNoEditor/Scalability.ini]
[2021.04.28-06.27.05:813][  0]LogConfig: Setting CVar [[r.Streaming.MipBias:0]]
[2021.04.28-06.27.05:813][  0]LogConfig: Setting CVar [[r.Streaming.AmortizeCPUToGPUCopy:0]]
[2021.04.28-06.27.05:813][  0]LogConfig: Setting CVar [[r.Streaming.MaxNumTexturesToStreamPerFrame:0]]
[2021.04.28-06.27.05:813][  0]LogConfig: Setting CVar [[r.Streaming.Boost:1]]
[2021.04.28-06.27.05:813][  0]LogConfig: Setting CVar [[r.MaxAnisotropy:8]]
[2021.04.28-06.27.05:813][  0]LogConfig: Setting CVar [[r.Streaming.LimitPoolSizeToVRAM:0]]
[2021.04.28-06.27.05:813][  0]LogConfig: Setting CVar [[r.Streaming.PoolSize:1000]]
[2021.04.28-06.27.05:813][  0]LogConfig: Setting CVar [[r.Streaming.MaxEffectiveScreenSize:0]]
[2021.04.28-06.27.05:813][  0]LogConfig: Applying CVar settings from Section [EffectsQuality@3] File [D:/자료모음/2020_2nd/Game_Pro/GamePrograming_Project/UE4-MultiMazeRunner/Project_MultiMazeRunner/Saved/Config/WindowsNoEditor/Scalability.ini]
[2021.04.28-06.27.05:813][  0]LogConfig: Setting CVar [[r.TranslucencyLightingVolumeDim:64]]
[2021.04.28-06.27.05:813][  0]LogConfig: Setting CVar [[r.RefractionQuality:2]]
[2021.04.28-06.27.05:813][  0]LogConfig: Setting CVar [[r.SSR.Quality:3]]
[2021.04.28-06.27.05:813][  0]LogConfig: Setting CVar [[r.SceneColorFormat:4]]
[2021.04.28-06.27.05:813][  0]LogConfig: Setting CVar [[r.DetailMode:2]]
[2021.04.28-06.27.05:813][  0]LogConfig: Setting CVar [[r.TranslucencyVolumeBlur:1]]
[2021.04.28-06.27.05:813][  0]LogConfig: Setting CVar [[r.MaterialQualityLevel:1 ; High quality]]
[2021.04.28-06.27.05:813][  0]LogConfig: Setting CVar [[r.SSS.Scale:1]]
[2021.04.28-06.27.05:813][  0]LogConfig: Setting CVar [[r.SSS.SampleSet:2]]
[2021.04.28-06.27.05:813][  0]LogConfig: Setting CVar [[r.SSS.Quality:1]]
[2021.04.28-06.27.05:813][  0]LogConfig: Setting CVar [[r.SSS.HalfRes:1]]
[2021.04.28-06.27.05:813][  0]LogConfig: Setting CVar [[r.EmitterSpawnRateScale:1.0]]
[2021.04.28-06.27.05:813][  0]LogConfig: Setting CVar [[r.ParticleLightQuality:2]]
[2021.04.28-06.27.05:813][  0]LogConfig: Applying CVar settings from Section [FoliageQuality@3] File [D:/자료모음/2020_2nd/Game_Pro/GamePrograming_Project/UE4-MultiMazeRunner/Project_MultiMazeRunner/Saved/Config/WindowsNoEditor/Scalability.ini]
[2021.04.28-06.27.05:813][  0]LogConfig: Setting CVar [[foliage.DensityScale:1.0]]
[2021.04.28-06.27.05:813][  0]LogConfig: Setting CVar [[grass.DensityScale:1.0]]
[2021.04.28-06.27.05:825][  0]LogInit: Selected Device Profile: [WindowsNoEditor]
[2021.04.28-06.27.05:825][  0]LogInit: Applying CVar settings loaded from the selected device profile: [WindowsNoEditor]
[2021.04.28-06.27.05:865][  0]LogHAL: Display: Platform has ~ 16 GB [17083387904 / 17179869184 / 16], which maps to Larger [LargestMinGB=32, LargerMinGB=12, DefaultMinGB=8, SmallerMinGB=6, SmallestMinGB=0)
[2021.04.28-06.27.05:865][  0]LogInit: Going up to parent DeviceProfile [Windows]
[2021.04.28-06.27.05:865][  0]LogInit: Going up to parent DeviceProfile []
[2021.04.28-06.27.05:865][  0]LogConfig: Applying CVar settings from Section [ViewDistanceQuality@3] File [D:/자료모음/2020_2nd/Game_Pro/GamePrograming_Project/UE4-MultiMazeRunner/Project_MultiMazeRunner/Saved/Config/WindowsNoEditor/Scalability.ini]
[2021.04.28-06.27.05:865][  0]LogConfig: Setting CVar [[r.SkeletalMeshLODBias:0]]
[2021.04.28-06.27.05:865][  0]LogConfig: Setting CVar [[r.ViewDistanceScale:1.0]]
[2021.04.28-06.27.05:865][  0]LogConfig: Applying CVar settings from Section [AntiAliasingQuality@3] File [D:/자료모음/2020_2nd/Game_Pro/GamePrograming_Project/UE4-MultiMazeRunner/Project_MultiMazeRunner/Saved/Config/WindowsNoEditor/Scalability.ini]
[2021.04.28-06.27.05:865][  0]LogConfig: Setting CVar [[r.PostProcessAAQuality:4]]
[2021.04.28-06.27.05:865][  0]LogConfig: Applying CVar settings from Section [ShadowQuality@3] File [D:/자료모음/2020_2nd/Game_Pro/GamePrograming_Project/UE4-MultiMazeRunner/Project_MultiMazeRunner/Saved/Config/WindowsNoEditor/Scalability.ini]
[2021.04.28-06.27.05:865][  0]LogConfig: Setting CVar [[r.LightFunctionQuality:1]]
[2021.04.28-06.27.05:865][  0]LogConfig: Setting CVar [[r.ShadowQuality:5]]
[2021.04.28-06.27.05:865][  0]LogConfig: Setting CVar [[r.Shadow.CSM.MaxCascades:10]]
[2021.04.28-06.27.05:865][  0]LogConfig: Setting CVar [[r.Shadow.MaxResolution:2048]]
[2021.04.28-06.27.05:865][  0]LogConfig: Setting CVar [[r.Shadow.MaxCSMResolution:2048]]
[2021.04.28-06.27.05:865][  0]LogConfig: Setting CVar [[r.Shadow.RadiusThreshold:0.01]]
[2021.04.28-06.27.05:865][  0]LogConfig: Setting CVar [[r.Shadow.DistanceScale:1.0]]
[2021.04.28-06.27.05:865][  0]LogConfig: Setting CVar [[r.Shadow.CSM.TransitionScale:1.0]]
[2021.04.28-06.27.05:865][  0]LogConfig: Setting CVar [[r.Shadow.PreShadowResolutionFactor:1.0]]
[2021.04.28-06.27.05:865][  0]LogConfig: Setting CVar [[r.DistanceFieldShadowing:1]]
[2021.04.28-06.27.05:865][  0]LogConfig: Setting CVar [[r.DistanceFieldAO:1]]
[2021.04.28-06.27.05:865][  0]LogConfig: Setting CVar [[r.AOQuality:2]]
[2021.04.28-06.27.05:865][  0]LogConfig: Setting CVar [[r.VolumetricFog:1]]
[2021.04.28-06.27.05:865][  0]LogConfig: Setting CVar [[r.VolumetricFog.GridPixelSize:8]]
[2021.04.28-06.27.05:865][  0]LogConfig: Setting CVar [[r.VolumetricFog.GridSizeZ:128]]
[2021.04.28-06.27.05:865][  0]LogConfig: Setting CVar [[r.VolumetricFog.HistoryMissSupersampleCount:4]]
[2021.04.28-06.27.05:865][  0]LogConfig: Setting CVar [[r.LightMaxDrawDistanceScale:1]]
[2021.04.28-06.27.05:865][  0]LogConfig: Setting CVar [[r.CapsuleShadows:1]]
[2021.04.28-06.27.05:865][  0]LogConfig: Applying CVar settings from Section [PostProcessQuality@3] File [D:/자료모음/2020_2nd/Game_Pro/GamePrograming_Project/UE4-MultiMazeRunner/Project_MultiMazeRunner/Saved/Config/WindowsNoEditor/Scalability.ini]
[2021.04.28-06.27.05:865][  0]LogConfig: Setting CVar [[r.MotionBlurQuality:4]]
[2021.04.28-06.27.05:865][  0]LogConfig: Setting CVar [[r.AmbientOcclusionMipLevelFactor:0.4]]
[2021.04.28-06.27.05:865][  0]LogConfig: Setting CVar [[r.AmbientOcclusionMaxQuality:100]]
[2021.04.28-06.27.05:865][  0]LogConfig: Setting CVar [[r.AmbientOcclusionLevels:-1]]
[2021.04.28-06.27.05:865][  0]LogConfig: Setting CVar [[r.AmbientOcclusionRadiusScale:1.0]]
[2021.04.28-06.27.05:865][  0]LogConfig: Setting CVar [[r.DepthOfFieldQuality:2]]
[2021.04.28-06.27.05:865][  0]LogConfig: Setting CVar [[r.RenderTargetPoolMin:400]]
[2021.04.28-06.27.05:865][  0]LogConfig: Setting CVar [[r.LensFlareQuality:2]]
[2021.04.28-06.27.05:865][  0]LogConfig: Setting CVar [[r.SceneColorFringeQuality:1]]
[2021.04.28-06.27.05:865][  0]LogConfig: Setting CVar [[r.EyeAdaptationQuality:2]]
[2021.04.28-06.27.05:865][  0]LogConfig: Setting CVar [[r.BloomQuality:5]]
[2021.04.28-06.27.05:865][  0]LogConfig: Setting CVar [[r.FastBlurThreshold:100]]
[2021.04.28-06.27.05:865][  0]LogConfig: Setting CVar [[r.Upscale.Quality:3]]
[2021.04.28-06.27.05:865][  0]LogConfig: Setting CVar [[r.Tonemapper.GrainQuantization:1]]
[2021.04.28-06.27.05:865][  0]LogConfig: Setting CVar [[r.LightShaftQuality:1]]
[2021.04.28-06.27.05:865][  0]LogConfig: Setting CVar [[r.Filter.SizeScale:1]]
[2021.04.28-06.27.05:865][  0]LogConfig: Setting CVar [[r.Tonemapper.Quality:5]]
[2021.04.28-06.27.05:865][  0]LogConfig: Setting CVar [[r.DOF.Gather.AccumulatorQuality:1        ; higher gathering accumulator quality]]
[2021.04.28-06.27.05:865][  0]LogConfig: Setting CVar [[r.DOF.Gather.PostfilterMethod:1          ; Median3x3 postfilering method]]
[2021.04.28-06.27.05:865][  0]LogConfig: Setting CVar [[r.DOF.Gather.EnableBokehSettings:0       ; no bokeh simulation when gathering]]
[2021.04.28-06.27.05:865][  0]LogConfig: Setting CVar [[r.DOF.Gather.RingCount:4                 ; medium number of samples when gathering]]
[2021.04.28-06.27.05:865][  0]LogConfig: Setting CVar [[r.DOF.Scatter.ForegroundCompositing:1    ; additive foreground scattering]]
[2021.04.28-06.27.05:865][  0]LogConfig: Setting CVar [[r.DOF.Scatter.BackgroundCompositing:2    ; additive background scattering]]
[2021.04.28-06.27.05:865][  0]LogConfig: Setting CVar [[r.DOF.Scatter.EnableBokehSettings:1      ; bokeh simulation when scattering]]
[2021.04.28-06.27.05:865][  0]LogConfig: Setting CVar [[r.DOF.Scatter.MaxSpriteRatio:0.1         ; only a maximum of 10% of scattered bokeh]]
[2021.04.28-06.27.05:865][  0]LogConfig: Setting CVar [[r.DOF.Recombine.Quality:1                ; cheap slight out of focus]]
[2021.04.28-06.27.05:865][  0]LogConfig: Setting CVar [[r.DOF.Recombine.EnableBokehSettings:0    ; no bokeh simulation on slight out of focus]]
[2021.04.28-06.27.05:865][  0]LogConfig: Setting CVar [[r.DOF.TemporalAAQuality:1                ; more stable temporal accumulation]]
[2021.04.28-06.27.05:865][  0]LogConfig: Setting CVar [[r.DOF.Kernel.MaxForegroundRadius:0.025]]
[2021.04.28-06.27.05:865][  0]LogConfig: Setting CVar [[r.DOF.Kernel.MaxBackgroundRadius:0.025]]
[2021.04.28-06.27.05:865][  0]LogConfig: Applying CVar settings from Section [TextureQuality@3] File [D:/자료모음/2020_2nd/Game_Pro/GamePrograming_Project/UE4-MultiMazeRunner/Project_MultiMazeRunner/Saved/Config/WindowsNoEditor/Scalability.ini]
[2021.04.28-06.27.05:865][  0]LogConfig: Setting CVar [[r.Streaming.MipBias:0]]
[2021.04.28-06.27.05:865][  0]LogConfig: Setting CVar [[r.Streaming.AmortizeCPUToGPUCopy:0]]
[2021.04.28-06.27.05:865][  0]LogConfig: Setting CVar [[r.Streaming.MaxNumTexturesToStreamPerFrame:0]]
[2021.04.28-06.27.05:865][  0]LogConfig: Setting CVar [[r.Streaming.Boost:1]]
[2021.04.28-06.27.05:865][  0]LogConfig: Setting CVar [[r.MaxAnisotropy:8]]
[2021.04.28-06.27.05:865][  0]LogConfig: Setting CVar [[r.Streaming.LimitPoolSizeToVRAM:0]]
[2021.04.28-06.27.05:865][  0]LogConfig: Setting CVar [[r.Streaming.PoolSize:1000]]
[2021.04.28-06.27.05:865][  0]LogConfig: Setting CVar [[r.Streaming.MaxEffectiveScreenSize:0]]
[2021.04.28-06.27.05:865][  0]LogConfig: Applying CVar settings from Section [EffectsQuality@3] File [D:/자료모음/2020_2nd/Game_Pro/GamePrograming_Project/UE4-MultiMazeRunner/Project_MultiMazeRunner/Saved/Config/WindowsNoEditor/Scalability.ini]
[2021.04.28-06.27.05:865][  0]LogConfig: Setting CVar [[r.TranslucencyLightingVolumeDim:64]]
[2021.04.28-06.27.05:865][  0]LogConfig: Setting CVar [[r.RefractionQuality:2]]
[2021.04.28-06.27.05:865][  0]LogConfig: Setting CVar [[r.SSR.Quality:3]]
[2021.04.28-06.27.05:865][  0]LogConfig: Setting CVar [[r.SceneColorFormat:4]]
[2021.04.28-06.27.05:865][  0]LogConfig: Setting CVar [[r.DetailMode:2]]
[2021.04.28-06.27.05:865][  0]LogConfig: Setting CVar [[r.TranslucencyVolumeBlur:1]]
[2021.04.28-06.27.05:865][  0]LogConfig: Setting CVar [[r.MaterialQualityLevel:1 ; High quality]]
[2021.04.28-06.27.05:865][  0]LogConfig: Setting CVar [[r.SSS.Scale:1]]
[2021.04.28-06.27.05:865][  0]LogConfig: Setting CVar [[r.SSS.SampleSet:2]]
[2021.04.28-06.27.05:865][  0]LogConfig: Setting CVar [[r.SSS.Quality:1]]
[2021.04.28-06.27.05:866][  0]LogConfig: Setting CVar [[r.SSS.HalfRes:1]]
[2021.04.28-06.27.05:866][  0]LogConfig: Setting CVar [[r.EmitterSpawnRateScale:1.0]]
[2021.04.28-06.27.05:866][  0]LogConfig: Setting CVar [[r.ParticleLightQuality:2]]
[2021.04.28-06.27.05:866][  0]LogConfig: Applying CVar settings from Section [FoliageQuality@3] File [D:/자료모음/2020_2nd/Game_Pro/GamePrograming_Project/UE4-MultiMazeRunner/Project_MultiMazeRunner/Saved/Config/WindowsNoEditor/Scalability.ini]
[2021.04.28-06.27.05:866][  0]LogConfig: Setting CVar [[foliage.DensityScale:1.0]]
[2021.04.28-06.27.05:866][  0]LogConfig: Setting CVar [[grass.DensityScale:1.0]]
[2021.04.28-06.27.05:866][  0]LogConfig: Applying CVar settings from Section [Startup] File [D:/THIS/UE_4.23.1-1/Engine/Config/ConsoleVariables.ini]
[2021.04.28-06.27.05:883][  0]LogConfig: Setting CVar [[net.UseAdaptiveNetUpdateFrequency:0]]
[2021.04.28-06.27.05:883][  0]LogConfig: Setting CVar [[p.chaos.AllowCreatePhysxBodies:1]]
[2021.04.28-06.27.05:883][  0]LogConfig: Applying CVar settings from Section [ConsoleVariables] File [D:/자료모음/2020_2nd/Game_Pro/GamePrograming_Project/UE4-MultiMazeRunner/Project_MultiMazeRunner/Saved/Config/WindowsNoEditor/Engine.ini]
[2021.04.28-06.27.05:883][  0]LogInit: Computer: DESKTOP-S53VFKC
[2021.04.28-06.27.05:883][  0]LogInit: User: hhj32
[2021.04.28-06.27.05:883][  0]LogInit: CPU Page size=4096, Cores=6
[2021.04.28-06.27.05:883][  0]LogInit: High frequency timer resolution =10.000000 MHz
[2021.04.28-06.27.05:883][  0]LogMemory: Memory total: Physical=15.9GB (16GB approx)
[2021.04.28-06.27.05:883][  0]LogMemory: Platform Memory Stats for WindowsNoEditor
[2021.04.28-06.27.05:883][  0]LogMemory: Process Physical Memory: 59.48 MB used, 59.48 MB peak
[2021.04.28-06.27.05:883][  0]LogMemory: Process Virtual Memory: 70.76 MB used, 70.76 MB peak
[2021.04.28-06.27.05:883][  0]LogMemory: Physical Memory: 5349.02 MB used,  10942.97 MB free, 16291.99 MB total
[2021.04.28-06.27.05:883][  0]LogMemory: Virtual Memory: 4467.16 MB used,  134213264.00 MB free, 134217728.00 MB total
[2021.04.28-06.27.05:887][  0]LogWindows: WindowsPlatformFeatures enabled
[2021.04.28-06.27.06:382][  0]LogInit: Using OS detected language (ko-KR).
[2021.04.28-06.27.06:382][  0]LogInit: Using OS detected locale (ko-KR).
[2021.04.28-06.27.06:383][  0]LogTextLocalizationManager: No specific localization for 'ko-KR' exists, so the 'ko' localization will be used.
[2021.04.28-06.27.06:688][  0]LogSlate: New Slate User Created.  User Index 0, Is Virtual User: 0
[2021.04.28-06.27.06:688][  0]LogSlate: Slate User Registered.  User Index 0, Is Virtual User: 0
[2021.04.28-06.27.06:715][  0]LogHMD: Failed to initialize OpenVR with code 110
[2021.04.28-06.27.06:715][  0]LogD3D11RHI: D3D11 adapters:
[2021.04.28-06.27.06:842][  0]LogD3D11RHI:    0. 'NVIDIA GeForce RTX 2060' (Feature Level 11_0)
[2021.04.28-06.27.06:842][  0]LogD3D11RHI:       5980/0/8145 MB DedicatedVideo/DedicatedSystem/SharedSystem, Outputs:1, VendorId:0x10de
[2021.04.28-06.27.06:925][  0]LogD3D11RHI:    1. 'NVIDIA GeForce RTX 2060' (Feature Level 11_0)
[2021.04.28-06.27.06:925][  0]LogD3D11RHI:       5980/0/8145 MB DedicatedVideo/DedicatedSystem/SharedSystem, Outputs:0, VendorId:0x10de
[2021.04.28-06.27.06:931][  0]LogD3D11RHI:    2. 'Microsoft Basic Render Driver' (Feature Level 11_0)
[2021.04.28-06.27.06:931][  0]LogD3D11RHI:       0/0/8145 MB DedicatedVideo/DedicatedSystem/SharedSystem, Outputs:0, VendorId:0x1414
[2021.04.28-06.27.06:931][  0]LogD3D11RHI: Chosen D3D11 Adapter: 0
[2021.04.28-06.27.06:949][  0]LogD3D11RHI: Creating new Direct3DDevice
[2021.04.28-06.27.06:950][  0]LogD3D11RHI:     GPU DeviceId: 0x1f08 (for the marketing name, search the web for "GPU Device Id")
[2021.04.28-06.27.06:950][  0]LogWindows: EnumDisplayDevices:
[2021.04.28-06.27.06:950][  0]LogWindows:    0. 'Microsoft Remote Display Adapter' (P:1 D:1)
[2021.04.28-06.27.06:950][  0]LogWindows:    1. 'Microsoft Remote Display Adapter' (P:0 D:0)
[2021.04.28-06.27.06:950][  0]LogWindows:    2. 'Microsoft Remote Display Adapter' (P:0 D:0)
[2021.04.28-06.27.06:950][  0]LogWindows:    3. 'Microsoft Remote Display Adapter' (P:0 D:0)
[2021.04.28-06.27.06:951][  0]LogWindows:    4. 'Microsoft Remote Display Adapter' (P:0 D:0)
[2021.04.28-06.27.06:951][  0]LogWindows:    5. 'Microsoft Remote Display Adapter' (P:0 D:0)
[2021.04.28-06.27.06:951][  0]LogWindows:    6. 'Microsoft Remote Display Adapter' (P:0 D:0)
[2021.04.28-06.27.06:951][  0]LogWindows:    7. 'Microsoft Remote Display Adapter' (P:0 D:0)
[2021.04.28-06.27.06:951][  0]LogWindows:    8. 'Microsoft Remote Display Adapter' (P:0 D:0)
[2021.04.28-06.27.06:951][  0]LogWindows:    9. 'Microsoft Remote Display Adapter' (P:0 D:0)
[2021.04.28-06.27.06:951][  0]LogWindows:    10. 'Microsoft Remote Display Adapter' (P:0 D:0)
[2021.04.28-06.27.06:952][  0]LogWindows:    11. 'Microsoft Remote Display Adapter' (P:0 D:0)
[2021.04.28-06.27.06:952][  0]LogWindows:    12. 'Microsoft Remote Display Adapter' (P:0 D:0)
[2021.04.28-06.27.06:952][  0]LogWindows:    13. 'Microsoft Remote Display Adapter' (P:0 D:0)
[2021.04.28-06.27.06:952][  0]LogWindows:    14. 'Microsoft Remote Display Adapter' (P:0 D:0)
[2021.04.28-06.27.06:952][  0]LogWindows:    15. 'Microsoft Remote Display Adapter' (P:0 D:0)
[2021.04.28-06.27.06:952][  0]LogWindows: DebugString: PrimaryDriverLocationFailed PrimaryDriverLocationFailed PrimaryDriverLocationFailed PrimaryDriverLocationFailed PrimaryDriverLocationFailed PrimaryDriverLocationFailed PrimaryDriverLocationFailed PrimaryDriverLocationFailed PrimaryDriverLocationFailed PrimaryDriverLocationFailed PrimaryDriverLocationFailed PrimaryDriverLocationFailed PrimaryDriverLocationFailed PrimaryDriverLocationFailed PrimaryDriverLocationFailed PrimaryDriverLocationFailed FoundDriverCount:0 
[2021.04.28-06.27.06:952][  0]LogD3D11RHI:     Adapter Name: NVIDIA GeForce RTX 2060
[2021.04.28-06.27.06:952][  0]LogD3D11RHI:   Driver Version: Unknown (internal:Unknown, unified:Unknown)
[2021.04.28-06.27.06:952][  0]LogD3D11RHI:      Driver Date: Unknown
[2021.04.28-06.27.06:952][  0]LogRHI: Texture pool is 4186 MB (70% of 5980 MB)
[2021.04.28-06.27.07:044][  0]LogD3D11RHI: Async texture creation enabled
[2021.04.28-06.27.07:115][  0]LogD3D11RHI: GPU Timing Frequency: 1000.000000 (Debug: 2 1)
[2021.04.28-06.27.07:120][  0]LogShaders: Error: The global shader cache file 'D:/THIS/UE_4.23.1-1/Engine/GlobalShaderCache-PCD3D_SM5.bin' is missing.

Your application is built to load COOKED content. No COOKED content was found; This usually means you did not cook content for this build.
It also may indicate missing cooked data for a shader platform(e.g., OpenGL under Windows): Make sure your platform's packaging settings include this Targeted RHI.

Alternatively build and run the UNCOOKED version instead.
[2021.04.28-06.27.20:720][  0]LogWindowsTextInputMethodSystem: Display: IME system now activated using TSF (Microsoft 입력기).
[2021.04.28-06.27.20:723][  0]LogWindows: FPlatformMisc::RequestExit(0)
[2021.04.28-06.27.20:792][  0]LogInit: Selected Device Profile: [WindowsNoEditor]
[2021.04.28-06.27.20:817][  0]LogSlate: Slate User Destroyed.  User Index 0, Is Virtual User: 0
[2021.04.28-06.27.20:817][  0]LogExit: Preparing to exit.
[2021.04.28-06.27.20:818][  0]LogUObjectArray: CloseDisregardForGC: 1980/1980 objects in disregard for GC pool
[2021.04.28-06.27.20:829][  0]LogExit: Object subsystem successfully closed.
[2021.04.28-06.27.20:835][  0]LogModuleManager: Shutting down and abandoning module InputCore (70)
[2021.04.28-06.27.20:835][  0]LogModuleManager: Shutting down and abandoning module PhysXCooking (68)
[2021.04.28-06.27.20:835][  0]LogModuleManager: Shutting down and abandoning module WindowsPlatformFeatures (66)
[2021.04.28-06.27.20:835][  0]LogModuleManager: Shutting down and abandoning module GameplayMediaEncoder (65)
[2021.04.28-06.27.20:835][  0]LogModuleManager: Shutting down and abandoning module SteamVR (62)
[2021.04.28-06.27.20:835][  0]LogHMD: Freeing OpenVRDLLHandle.
[2021.04.28-06.27.20:835][  0]LogModuleManager: Shutting down and abandoning module OculusHMD (60)
[2021.04.28-06.27.20:835][  0]LogModuleManager: Shutting down and abandoning module ExampleDeviceProfileSelector (58)
[2021.04.28-06.27.20:835][  0]LogModuleManager: Shutting down and abandoning module LauncherChunkInstaller (56)
[2021.04.28-06.27.20:835][  0]LogModuleManager: Shutting down and abandoning module OnlineSubsystem (52)
[2021.04.28-06.27.20:836][  0]LogModuleManager: Shutting down and abandoning module HTTP (47)
[2021.04.28-06.27.20:844][  0]LogModuleManager: Shutting down and abandoning module SSL (46)
[2021.04.28-06.27.20:845][  0]LogModuleManager: Shutting down and abandoning module WmfMedia (42)
[2021.04.28-06.27.20:847][  0]LogModuleManager: Shutting down and abandoning module Media (41)
[2021.04.28-06.27.20:847][  0]LogModuleManager: Shutting down and abandoning module DatasmithContent (38)
[2021.04.28-06.27.20:848][  0]LogModuleManager: Shutting down and abandoning module AISupportModule (36)
[2021.04.28-06.27.20:848][  0]LogModuleManager: Shutting down and abandoning module PlatformCryptoOpenSSL (34)
[2021.04.28-06.27.20:848][  0]LogModuleManager: Shutting down and abandoning module PlatformCrypto (32)
[2021.04.28-06.27.20:848][  0]LogModuleManager: Shutting down and abandoning module RenderCore (30)
[2021.04.28-06.27.20:848][  0]LogModuleManager: Shutting down and abandoning module Landscape (28)
[2021.04.28-06.27.20:848][  0]LogModuleManager: Shutting down and abandoning module SlateRHIRenderer (26)
[2021.04.28-06.27.20:848][  0]LogModuleManager: Shutting down and abandoning module OpenGLDrv (24)
[2021.04.28-06.27.20:848][  0]LogModuleManager: Shutting down and abandoning module D3D11RHI (22)
[2021.04.28-06.27.20:848][  0]LogModuleManager: Shutting down and abandoning module AnimGraphRuntime (20)
[2021.04.28-06.27.20:848][  0]LogModuleManager: Shutting down and abandoning module Renderer (18)
[2021.04.28-06.27.20:850][  0]LogModuleManager: Shutting down and abandoning module Engine (16)
[2021.04.28-06.27.20:850][  0]LogModuleManager: Shutting down and abandoning module CoreUObject (14)
[2021.04.28-06.27.20:850][  0]LogModuleManager: Shutting down and abandoning module NetworkFile (12)
[2021.04.28-06.27.20:850][  0]LogModuleManager: Shutting down and abandoning module CookedIterativeFile (10)
[2021.04.28-06.27.20:850][  0]LogModuleManager: Shutting down and abandoning module StreamingFile (8)
[2021.04.28-06.27.20:850][  0]LogModuleManager: Shutting down and abandoning module SandboxFile (6)
[2021.04.28-06.27.20:850][  0]LogModuleManager: Shutting down and abandoning module PakFile (4)
[2021.04.28-06.27.20:850][  0]LogModuleManager: Shutting down and abandoning module RSA (3)
[2021.04.28-06.27.20:850][  0]LogD3D11RHI: Shutdown
[2021.04.28-06.27.20:850][  0]LogD3D11RHI: CleanupD3DDevice
[2021.04.28-06.27.20:851][  0]LogRendererCore: FGlobalDynamicReadBuffer::Cleanup()
[2021.04.28-06.27.20:851][  0]LogRendererCore: FGlobalDynamicReadBuffer::Cleanup()
[2021.04.28-06.27.20:851][  0]LogRendererCore: FGlobalDynamicReadBuffer::Cleanup()
[2021.04.28-06.27.20:873][  0]LogD3D11RHI: ~FD3D11DynamicRHI
[2021.04.28-06.27.20:883][  0]LogExit: Exiting.
[2021.04.28-06.27.20:927][  0]Log file closed, 04/28/21 15:27:20
